#
# A fatal error has been detected by the Java Runtime Environment:
#
#  SIGSEGV (0xb) at pc=0x000000013151bb21, pid=31156, tid=9475
#
# JRE version: OpenJDK Runtime Environment (18.0.2+9) (build 18.0.2+9-61)
# Java VM: OpenJDK 64-Bit Server VM (18.0.2+9-61, mixed mode, sharing, tiered, compressed oops, compressed class ptrs, g1 gc, bsd-amd64)
# Problematic frame:
# C  [libtesseract.dylib+0x1db21]  tesseract::Tesseract::recog_all_words(tesseract::PAGE_RES*, tesseract::ETEXT_DESC*, tesseract::TBOX const*, char const*, int)+0xaf
#
# No core dump will be written. Core dumps have been disabled. To enable core dumping, try "ulimit -c unlimited" before starting Java again
#
# If you would like to submit a bug report, please visit:
#   https://bugreport.java.com/bugreport/crash.jsp
# The crash happened outside the Java Virtual Machine in native code.
# See problematic frame for where to report the bug.
#

---------------  S U M M A R Y ------------

Command Line: -Dfile.encoding=UTF-8 -XX:+ShowCodeDetailsInExceptionMessages app.detect.screenshot.App

Host: "MacBookPro15,2" x86_64 2700 MHz, 8 cores, 16G, Darwin 21.6.0, macOS 12.5 (21G72)
Time: Sat Sep 10 09:32:08 2022 +07 elapsed time: 2.067827 seconds (0d 0h 0m 2s)

---------------  T H R E A D  ---------------

Current thread (0x00007fe2af808800):  JavaThread "main" [_thread_in_native, id=9475, stack(0x00007000009db000,0x0000700000adb000)]

Stack: [0x00007000009db000,0x0000700000adb000],  sp=0x0000700000ad9770,  free space=1017k
Native frames: (J=compiled Java code, j=interpreted, Vv=VM code, C=native code)
C  [libtesseract.dylib+0x1db21]  tesseract::Tesseract::recog_all_words(tesseract::PAGE_RES*, tesseract::ETEXT_DESC*, tesseract::TBOX const*, char const*, int)+0xaf
C  [libtesseract.dylib+0x6e2d]  tesseract::TessBaseAPI::Recognize(tesseract::ETEXT_DESC*)+0x3b3
C  [libtesseract.dylib+0x5b91]  tesseract::TessBaseAPI::GetUTF8Text()+0x35
C  [jna6924104269098256560.tmp+0xd94c]  ffi_call_unix64+0x4c

Java frames: (J=compiled Java code, j=interpreted, Vv=VM code)
j  com.sun.jna.Native.invokePointer(JI[Ljava/lang/Object;)J+0
j  com.sun.jna.Function.invokePointer(I[Ljava/lang/Object;)Lcom/sun/jna/Pointer;+6
j  com.sun.jna.Function.invoke([Ljava/lang/Object;Ljava/lang/Class;Z)Ljava/lang/Object;+426
j  com.sun.jna.Function.invoke(Ljava/lang/Class;[Ljava/lang/Object;Ljava/util/Map;)Ljava/lang/Object;+262
j  com.sun.jna.Library$Handler.invoke(Ljava/lang/Object;Ljava/lang/reflect/Method;[Ljava/lang/Object;)Ljava/lang/Object;+316
j  jdk.proxy1.$Proxy0.TessBaseAPIGetUTF8Text(Lnet/sourceforge/tess4j/ITessAPI$TessBaseAPI;)Lcom/sun/jna/Pointer;+16 jdk.proxy1
j  net.sourceforge.tess4j.Tesseract.getOCRText(Ljava/lang/String;I)Ljava/lang/String;+62
j  net.sourceforge.tess4j.Tesseract.doOCR(Ljava/util/List;Ljava/lang/String;Ljava/awt/Rectangle;)Ljava/lang/String;+69
j  net.sourceforge.tess4j.Tesseract.doOCR(Ljava/io/File;Ljava/awt/Rectangle;)Ljava/lang/String;+10
j  net.sourceforge.tess4j.Tesseract.doOCR(Ljava/io/File;)Ljava/lang/String;+3
j  app.detect.screenshot.ImageCracker.crackImage(Ljava/lang/String;)Ljava/lang/String;+77
j  app.detect.screenshot.App.main([Ljava/lang/String;)V+26
v  ~StubRoutines::call_stub

siginfo: si_signo: 11 (SIGSEGV), si_code: 1 (SEGV_MAPERR), si_addr: 0x000000000000000c

Register to memory mapping:

RAX=0x0 is NULL
RBX=0x0000600000edeee0 points into unknown readable memory: 0x0000000000000000 | 00 00 00 00 00 00 00 00
RCX=0x0 is NULL
RDX=0x00006000023d4510 points into unknown readable memory: 0x00006000023d4570 | 70 45 3d 02 00 60 00 00
RSP=0x0000700000ad9770 is pointing into the stack for thread: 0x00007fe2af808800
RBP=0x0000700000ad9950 is pointing into the stack for thread: 0x00007fe2af808800
RSI=0x0 is NULL
RDI=0x0000700000ad9820 is pointing into the stack for thread: 0x00007fe2af808800
R8 =0x0 is NULL
R9 =0x0 is NULL
R10=0x00000000fffffffe is an unknown value
R11=0x0000000000011200 is an unknown value
R12=0x0 is NULL
R13=0x0000600000edeee0 points into unknown readable memory: 0x0000000000000000 | 00 00 00 00 00 00 00 00
R14=0x00000000ffffffff is an unknown value
R15=0x00007fe2b2a59000 points into unknown readable memory: 0x00000001316db580 | 80 b5 6d 31 01 00 00 00


Registers:
RAX=0x0000000000000000, RBX=0x0000600000edeee0, RCX=0x0000000000000000, RDX=0x00006000023d4510
RSP=0x0000700000ad9770, RBP=0x0000700000ad9950, RSI=0x0000000000000000, RDI=0x0000700000ad9820
R8 =0x0000000000000000, R9 =0x0000000000000000, R10=0x00000000fffffffe, R11=0x0000000000011200
R12=0x0000000000000000, R13=0x0000600000edeee0, R14=0x00000000ffffffff, R15=0x00007fe2b2a59000
RIP=0x000000013151bb21, EFLAGS=0x0000000000010246, ERR=0x0000000000000004
  TRAPNO=0x000000000000000e

Top of Stack: (sp=0x0000700000ad9770)
0x0000700000ad9770:   0000600000edeee0 0000000000000000
0x0000700000ad9780:   0000000000000000 0000000000000000
0x0000700000ad9790:   00007fe2adb17510 00006000023d4510
0x0000700000ad97a0:   00006000023d4360 00007fe2adb182f0
0x0000700000ad97b0:   00006000023d4510 00006000023d4360
0x0000700000ad97c0:   0000600000edeee8 00006000023d4360
0x0000700000ad97d0:   00006000023d4360 00006000023d4360
0x0000700000ad97e0:   00006000023d4360 4061a80000000000
0x0000700000ad97f0:   00006000023d4388 00006000023d5d10
0x0000700000ad9800:   00006000023d4510 00006000023d4570
0x0000700000ad9810:   00006000023d4510 0000600002000000
0x0000700000ad9820:   00006000023d4530 00007fe2adb182f0
0x0000700000ad9830:   00007fe2adb18110 00007fe2adb184d0
0x0000700000ad9840:   00007fe2adb17510 0000600002010000
0x0000700000ad9850:   00006000023d4530 00007fe2adb18a70
0x0000700000ad9860:   00007fe2adb17510 00007fe2adb182f0
0x0000700000ad9870:   00007fe2adb17510 0000600000000000
0x0000700000ad9880:   00006000023d4530 00007fe2adb17510
0x0000700000ad9890:   00007fe2adb182f0 00007fe2adb18110
0x0000700000ad98a0:   00007fe2adb17510 0000600001010000
0x0000700000ad98b0:   0000000000000000 00006000023d4360
0x0000700000ad98c0:   0000700000ad9950 000000013156f6f6
0x0000700000ad98d0:   00007ff8148d756c 00007fe2b2a7aa68
0x0000700000ad98e0:   0000700000ad9920 0000000000000000
0x0000700000ad98f0:   00000001316e3918 00006000016f81a0
0x0000700000ad9900:   00006000016f81a0 00007fe2b2a7aa68
0x0000700000ad9910:   0000700000ad9960 0000000000000000
0x0000700000ad9920:   0000000000ad9950 0000700000ad9960
0x0000700000ad9930:   00006000016f81a0 00007fe2b2a7aa68
0x0000700000ad9940:   00000000ffffffff 0000000000000000
0x0000700000ad9950:   0000700000ad99a0 0000000131504e2d
0x0000700000ad9960:   0000000000000001 0000000000000050 

Instructions: (pc=0x000000013151bb21)
0x000000013151ba21:   38 ff ff ff e8 f2 7d 15 00 48 8b bd d0 fe ff ff
0x000000013151ba31:   48 85 ff 74 05 e8 e1 7d 15 00 48 8b bd 10 ff ff
0x000000013151ba41:   ff 48 85 ff 74 05 e8 d0 7d 15 00 48 8b bd 50 ff
0x000000013151ba51:   ff ff 48 85 ff 74 0c 48 89 bd 58 ff ff ff e8 b8
0x000000013151ba61:   7d 15 00 48 89 df e8 9a 7b 15 00 90 90 90 90 90
0x000000013151ba71:   90 55 48 89 e5 41 57 41 56 41 55 41 54 53 48 81
0x000000013151ba81:   ec b8 01 00 00 44 89 4d d4 4c 89 45 98 48 89 4d
0x000000013151ba91:   c8 49 89 d4 48 89 f3 49 89 ff 31 c0 48 8d bd 20
0x000000013151baa1:   fe ff ff 48 89 47 50 48 89 87 80 00 00 00 48 89
0x000000013151bab1:   87 b0 00 00 00 48 89 87 e0 00 00 00 48 89 87 10
0x000000013151bac1:   01 00 00 48 89 37 31 f6 e8 b2 a8 05 00 41 80 bf
0x000000013151bad1:   32 25 02 00 00 74 10 b0 01 41 88 87 52 25 02 00
0x000000013151bae1:   41 88 87 e2 33 02 00 83 7d d4 01 0f 87 24 03 00
0x000000013151baf1:   00 48 8d bd 20 fe ff ff 31 f6 e8 80 a8 05 00 41
0x000000013151bb01:   83 bf e8 14 00 00 00 7e 0d 49 89 dd 4c 89 ff e8
0x000000013151bb11:   69 10 07 00 eb 18 49 89 dd 49 8b 87 c0 09 00 00
0x000000013151bb21:   80 78 0c 00 74 08 4c 89 ff e8 d1 10 07 00 49 8b
0x000000013151bb31:   9f c0 49 02 00 4d 8b b7 c8 49 02 00 4c 39 f3 74
0x000000013151bb41:   2b 48 8b 3b 83 bf e8 14 00 00 00 7e 07 e8 2b 10
0x000000013151bb51:   07 00 eb 12 48 8b 87 c0 09 00 00 80 78 0c 00 74
0x000000013151bb61:   05 e8 99 10 07 00 48 83 c3 08 eb d0 0f 57 c0 4c
0x000000013151bb71:   8d 8d 70 ff ff ff 41 0f 29 01 49 c7 41 10 00 00
0x000000013151bb81:   00 00 4c 89 ff be 01 00 00 00 48 8b 55 c8 48 8b
0x000000013151bb91:   4d 98 4c 89 eb 4d 89 e8 e8 04 f1 ff ff 41 83 bf
0x000000013151bba1:   24 3a 02 00 00 74 0f 48 8d b5 70 ff ff ff 4c 89
0x000000013151bbb1:   ff e8 33 72 03 00 4c 8d 85 70 ff ff ff 49 8b 40
0x000000013151bbc1:   08 49 2b 00 48 c1 e8 05 69 c0 ab aa aa aa 41 89
0x000000013151bbd1:   87 98 49 02 00 41 c7 87 9c 49 02 00 00 00 00 00
0x000000013151bbe1:   49 c7 87 8c 49 02 00 00 00 00 00 66 41 c7 87 94
0x000000013151bbf1:   49 02 00 00 00 4d 89 bf d8 49 02 00 48 8d 8d 20
0x000000013151bc01:   fe ff ff 4c 89 ff be 01 00 00 00 4c 89 e2 e8 2e
0x000000013151bc11:   f4 ff ff 84 c0 0f 84 c8 01 00 00 48 8d bd 20 fe 


Stack slot to memory mapping:
stack at sp + 0 slots: 0x0000600000edeee0 points into unknown readable memory: 0x0000000000000000 | 00 00 00 00 00 00 00 00
stack at sp + 1 slots: 0x0 is NULL
stack at sp + 2 slots: 0x0 is NULL
stack at sp + 3 slots: 0x0 is NULL
stack at sp + 4 slots: 0x00007fe2adb17510 points into unknown readable memory: 0x00007fe2adb182f0 | f0 82 b1 ad e2 7f 00 00
stack at sp + 5 slots: 0x00006000023d4510 points into unknown readable memory: 0x00006000023d4570 | 70 45 3d 02 00 60 00 00
stack at sp + 6 slots: 0x00006000023d4360 points into unknown readable memory: 0x00006000023d4360 | 60 43 3d 02 00 60 00 00
stack at sp + 7 slots: 0x00007fe2adb182f0 points into unknown readable memory: 0x00007fe2adb18110 | 10 81 b1 ad e2 7f 00 00


---------------  P R O C E S S  ---------------

Threads class SMR info:
_java_thread_list=0x0000600002dd8ba0, length=12, elements={
0x00007fe2af808800, 0x00007fe2ae00d000, 0x00007fe2ae00f800, 0x00007fe2b181f800,
0x00007fe2ad008200, 0x00007fe2af808e00, 0x00007fe2af82a200, 0x00007fe2ad008c00,
0x00007fe2b181fe00, 0x00007fe2af017a00, 0x00007fe2af008200, 0x00007fe2b0026c00
}

Java Threads: ( => current thread )
=>0x00007fe2af808800 JavaThread "main" [_thread_in_native, id=9475, stack(0x00007000009db000,0x0000700000adb000)]
  0x00007fe2ae00d000 JavaThread "Reference Handler" daemon [_thread_blocked, id=17155, stack(0x00007000010f0000,0x00007000011f0000)]
  0x00007fe2ae00f800 JavaThread "Finalizer" daemon [_thread_blocked, id=17667, stack(0x00007000011f3000,0x00007000012f3000)]
  0x00007fe2b181f800 JavaThread "Signal Dispatcher" daemon [_thread_blocked, id=42755, stack(0x00007000013fc000,0x00007000014fc000)]
  0x00007fe2ad008200 JavaThread "Service Thread" daemon [_thread_blocked, id=23299, stack(0x00007000014ff000,0x00007000015ff000)]
  0x00007fe2af808e00 JavaThread "Monitor Deflation Thread" daemon [_thread_blocked, id=42243, stack(0x0000700001602000,0x0000700001702000)]
  0x00007fe2af82a200 JavaThread "C2 CompilerThread0" daemon [_thread_blocked, id=41731, stack(0x0000700001705000,0x0000700001805000)]
  0x00007fe2ad008c00 JavaThread "C1 CompilerThread0" daemon [_thread_blocked, id=41475, stack(0x0000700001808000,0x0000700001908000)]
  0x00007fe2b181fe00 JavaThread "Sweeper thread" daemon [_thread_blocked, id=24067, stack(0x000070000190b000,0x0000700001a0b000)]
  0x00007fe2af017a00 JavaThread "Notification Thread" daemon [_thread_blocked, id=40963, stack(0x0000700001a0e000,0x0000700001b0e000)]
  0x00007fe2af008200 JavaThread "Common-Cleaner" daemon [_thread_blocked, id=24835, stack(0x0000700001c14000,0x0000700001d14000)]
  0x00007fe2b0026c00 JavaThread "Java2D Disposer" daemon [_thread_blocked, id=25607, stack(0x0000700001e1a000,0x0000700001f1a000)]

Other Threads:
  0x00007fe2adc05040 VMThread "VM Thread" [stack: 0x0000700000fed000,0x00007000010ed000] [id=18947]
  0x00007fe2add05e70 WatcherThread "VM Periodic Task Thread" [stack: 0x0000700001b11000,0x0000700001c11000] [id=24579]
  0x00007fe2ad906b40 WorkerThread "GC Thread#0" [stack: 0x0000700000ade000,0x0000700000bde000] [id=20483]
  0x00007fe2add0e530 WorkerThread "GC Thread#1" [stack: 0x0000700001f1d000,0x000070000201d000] [id=40199]
  0x00007fe2add0e990 WorkerThread "GC Thread#2" [stack: 0x0000700002020000,0x0000700002120000] [id=39427]
  0x00007fe2adb0f820 WorkerThread "GC Thread#3" [stack: 0x0000700002123000,0x0000700002223000] [id=26115]
  0x00007fe2ad90e680 WorkerThread "GC Thread#4" [stack: 0x0000700002226000,0x0000700002326000] [id=38915]
  0x00007fe2ad80bf00 WorkerThread "GC Thread#5" [stack: 0x0000700002329000,0x0000700002429000] [id=26883]
  0x00007fe2ad9071d0 ConcurrentGCThread "G1 Main Marker" [stack: 0x0000700000be1000,0x0000700000ce1000] [id=20227]
  0x00007fe2adc047f0 WorkerThread "G1 Conc#0" [stack: 0x0000700000ce4000,0x0000700000de4000] [id=14083]
  0x00007fe2acf0f490 ConcurrentGCThread "G1 Refine#0" [stack: 0x0000700000de7000,0x0000700000ee7000] [id=19971]
  0x00007fe2b2704080 ConcurrentGCThread "G1 Service" [stack: 0x0000700000eea000,0x0000700000fea000] [id=14851]

Threads with active compile tasks:

VM state: not at safepoint (normal execution)

VM Mutex/Monitor currently owned by a thread: None

Heap address: 0x0000000700000000, size: 4096 MB, Compressed Oops mode: Zero based, Oop shift amount: 3

CDS archive(s) mapped at: [0x0000000800000000-0x0000000800ba8000-0x0000000800ba8000), size 12222464, SharedBaseAddress: 0x0000000800000000, ArchiveRelocationMode: 0.
Compressed class space mapped at: 0x0000000800c00000-0x0000000840c00000, reserved size: 1073741824
Narrow klass base: 0x0000000800000000, Narrow klass shift: 0, Narrow klass range: 0x100000000

GC Precious Log:
 CardTable entry size: 512
 Card Set container configuration: InlinePtr #cards 4 size 8 Array Of Cards #cards 16 size 48 Howl #buckets 8 coarsen threshold 3686 Howl Bitmap #cards 512 size 80 coarsen threshold 460 Card regions per heap region 1 cards per card region 4096
 CPUs: 8 total, 8 available
 Memory: 16384M
 Large Page Support: Disabled
 NUMA Support: Disabled
 Compressed Oops: Enabled (Zero based)
 Heap Region Size: 2M
 Heap Min Capacity: 8M
 Heap Initial Capacity: 256M
 Heap Max Capacity: 4G
 Pre-touch: Disabled
 Parallel Workers: 8
 Concurrent Workers: 2
 Concurrent Refinement Workers: 8
 Periodic GC: Disabled

Heap:
 garbage-first heap   total 266240K, used 96897K [0x0000000700000000, 0x0000000800000000)
  region size 2048K, 2 young (4096K), 1 survivors (2048K)
 Metaspace       used 7632K, committed 7808K, reserved 1114112K
  class space    used 874K, committed 960K, reserved 1048576K

Heap Regions: E=young(eden), S=young(survivor), O=old, HS=humongous(starts), HC=humongous(continues), CS=collection set, F=free, OA=open archive, CA=closed archive, TAMS=top-at-mark-start (previous, next)
|   0|0x0000000700000000, 0x0000000700200000, 0x0000000700200000|100%|HS|  |TAMS 0x0000000700000000, 0x0000000700200000| Complete 
|   1|0x0000000700200000, 0x0000000700400000, 0x0000000700400000|100%|HC|  |TAMS 0x0000000700200000, 0x0000000700400000| Complete 
|   2|0x0000000700400000, 0x0000000700600000, 0x0000000700600000|100%|HC|  |TAMS 0x0000000700400000, 0x0000000700600000| Complete 
|   3|0x0000000700600000, 0x0000000700800000, 0x0000000700800000|100%|HC|  |TAMS 0x0000000700600000, 0x0000000700800000| Complete 
|   4|0x0000000700800000, 0x0000000700a00000, 0x0000000700a00000|100%|HC|  |TAMS 0x0000000700800000, 0x0000000700a00000| Complete 
|   5|0x0000000700a00000, 0x0000000700c00000, 0x0000000700c00000|100%|HC|  |TAMS 0x0000000700a00000, 0x0000000700c00000| Complete 
|   6|0x0000000700c00000, 0x0000000700e00000, 0x0000000700e00000|100%|HC|  |TAMS 0x0000000700c00000, 0x0000000700e00000| Complete 
|   7|0x0000000700e00000, 0x0000000701000000, 0x0000000701000000|100%|HC|  |TAMS 0x0000000700e00000, 0x0000000701000000| Complete 
|   8|0x0000000701000000, 0x0000000701200000, 0x0000000701200000|100%|HC|  |TAMS 0x0000000701000000, 0x0000000701200000| Complete 
|   9|0x0000000701200000, 0x0000000701400000, 0x0000000701400000|100%| O|  |TAMS 0x0000000701200000, 0x0000000701400000| Untracked 
|  10|0x0000000701400000, 0x0000000701600000, 0x0000000701600000|100%| O|  |TAMS 0x0000000701400000, 0x0000000701600000| Untracked 
|  11|0x0000000701600000, 0x000000070161d800, 0x0000000701800000|  5%| O|  |TAMS 0x0000000701600000, 0x000000070161d800| Untracked 
|  12|0x0000000701800000, 0x0000000701a00000, 0x0000000701a00000|100%|HS|  |TAMS 0x0000000701800000, 0x0000000701a00000| Complete 
|  13|0x0000000701a00000, 0x0000000701c00000, 0x0000000701c00000|100%|HC|  |TAMS 0x0000000701a00000, 0x0000000701c00000| Complete 
|  14|0x0000000701c00000, 0x0000000701e00000, 0x0000000701e00000|100%|HC|  |TAMS 0x0000000701c00000, 0x0000000701e00000| Complete 
|  15|0x0000000701e00000, 0x0000000702000000, 0x0000000702000000|100%|HC|  |TAMS 0x0000000701e00000, 0x0000000702000000| Complete 
|  16|0x0000000702000000, 0x0000000702200000, 0x0000000702200000|100%|HC|  |TAMS 0x0000000702000000, 0x0000000702200000| Complete 
|  17|0x0000000702200000, 0x0000000702400000, 0x0000000702400000|100%|HC|  |TAMS 0x0000000702200000, 0x0000000702400000| Complete 
|  18|0x0000000702400000, 0x0000000702600000, 0x0000000702600000|100%|HC|  |TAMS 0x0000000702400000, 0x0000000702600000| Complete 
|  19|0x0000000702600000, 0x0000000702800000, 0x0000000702800000|100%|HC|  |TAMS 0x0000000702600000, 0x0000000702800000| Complete 
|  20|0x0000000702800000, 0x0000000702a00000, 0x0000000702a00000|100%|HC|  |TAMS 0x0000000702800000, 0x0000000702a00000| Complete 
|  21|0x0000000702a00000, 0x0000000702a00000, 0x0000000702c00000|  0%| F|  |TAMS 0x0000000702a00000, 0x0000000702a00000| Untracked 
|  22|0x0000000702c00000, 0x0000000702c00000, 0x0000000702e00000|  0%| F|  |TAMS 0x0000000702c00000, 0x0000000702c00000| Untracked 
|  23|0x0000000702e00000, 0x0000000702e00000, 0x0000000703000000|  0%| F|  |TAMS 0x0000000702e00000, 0x0000000702e00000| Untracked 
|  24|0x0000000703000000, 0x0000000703000000, 0x0000000703200000|  0%| F|  |TAMS 0x0000000703000000, 0x0000000703000000| Untracked 
|  25|0x0000000703200000, 0x0000000703200000, 0x0000000703400000|  0%| F|  |TAMS 0x0000000703200000, 0x0000000703200000| Untracked 
|  26|0x0000000703400000, 0x0000000703400000, 0x0000000703600000|  0%| F|  |TAMS 0x0000000703400000, 0x0000000703400000| Untracked 
|  27|0x0000000703600000, 0x0000000703600000, 0x0000000703800000|  0%| F|  |TAMS 0x0000000703600000, 0x0000000703600000| Untracked 
|  28|0x0000000703800000, 0x0000000703800000, 0x0000000703a00000|  0%| F|  |TAMS 0x0000000703800000, 0x0000000703800000| Untracked 
|  29|0x0000000703a00000, 0x0000000703a00000, 0x0000000703c00000|  0%| F|  |TAMS 0x0000000703a00000, 0x0000000703a00000| Untracked 
|  30|0x0000000703c00000, 0x0000000703c00000, 0x0000000703e00000|  0%| F|  |TAMS 0x0000000703c00000, 0x0000000703c00000| Untracked 
|  31|0x0000000703e00000, 0x0000000703e00000, 0x0000000704000000|  0%| F|  |TAMS 0x0000000703e00000, 0x0000000703e00000| Untracked 
|  32|0x0000000704000000, 0x0000000704200000, 0x0000000704200000|100%|HS|  |TAMS 0x0000000704000000, 0x0000000704200000| Complete 
|  33|0x0000000704200000, 0x0000000704400000, 0x0000000704400000|100%|HC|  |TAMS 0x0000000704200000, 0x0000000704400000| Complete 
|  34|0x0000000704400000, 0x0000000704600000, 0x0000000704600000|100%|HC|  |TAMS 0x0000000704400000, 0x0000000704600000| Complete 
|  35|0x0000000704600000, 0x0000000704800000, 0x0000000704800000|100%|HC|  |TAMS 0x0000000704600000, 0x0000000704800000| Complete 
|  36|0x0000000704800000, 0x0000000704a00000, 0x0000000704a00000|100%|HC|  |TAMS 0x0000000704800000, 0x0000000704a00000| Complete 
|  37|0x0000000704a00000, 0x0000000704c00000, 0x0000000704c00000|100%|HC|  |TAMS 0x0000000704a00000, 0x0000000704c00000| Complete 
|  38|0x0000000704c00000, 0x0000000704e00000, 0x0000000704e00000|100%|HC|  |TAMS 0x0000000704c00000, 0x0000000704e00000| Complete 
|  39|0x0000000704e00000, 0x0000000705000000, 0x0000000705000000|100%|HC|  |TAMS 0x0000000704e00000, 0x0000000705000000| Complete 
|  40|0x0000000705000000, 0x0000000705200000, 0x0000000705200000|100%|HC|  |TAMS 0x0000000705000000, 0x0000000705200000| Complete 
|  41|0x0000000705200000, 0x0000000705400000, 0x0000000705400000|100%|HS|  |TAMS 0x0000000705200000, 0x0000000705200000| Complete 
|  42|0x0000000705400000, 0x0000000705600000, 0x0000000705600000|100%|HC|  |TAMS 0x0000000705400000, 0x0000000705400000| Complete 
|  43|0x0000000705600000, 0x0000000705800000, 0x0000000705800000|100%|HC|  |TAMS 0x0000000705600000, 0x0000000705600000| Complete 
|  44|0x0000000705800000, 0x0000000705a00000, 0x0000000705a00000|100%|HC|  |TAMS 0x0000000705800000, 0x0000000705800000| Complete 
|  45|0x0000000705a00000, 0x0000000705c00000, 0x0000000705c00000|100%|HC|  |TAMS 0x0000000705a00000, 0x0000000705a00000| Complete 
|  46|0x0000000705c00000, 0x0000000705e00000, 0x0000000705e00000|100%|HC|  |TAMS 0x0000000705c00000, 0x0000000705c00000| Complete 
|  47|0x0000000705e00000, 0x0000000706000000, 0x0000000706000000|100%|HC|  |TAMS 0x0000000705e00000, 0x0000000705e00000| Complete 
|  48|0x0000000706000000, 0x0000000706200000, 0x0000000706200000|100%|HC|  |TAMS 0x0000000706000000, 0x0000000706000000| Complete 
|  49|0x0000000706200000, 0x0000000706400000, 0x0000000706400000|100%|HC|  |TAMS 0x0000000706200000, 0x0000000706200000| Complete 
|  50|0x0000000706400000, 0x0000000706600000, 0x0000000706600000|100%|HC|  |TAMS 0x0000000706400000, 0x0000000706400000| Complete 
|  51|0x0000000706600000, 0x0000000706800000, 0x0000000706800000|100%|HC|  |TAMS 0x0000000706600000, 0x0000000706600000| Complete 
|  52|0x0000000706800000, 0x0000000706a00000, 0x0000000706a00000|100%|HC|  |TAMS 0x0000000706800000, 0x0000000706800000| Complete 
|  53|0x0000000706a00000, 0x0000000706c00000, 0x0000000706c00000|100%|HC|  |TAMS 0x0000000706a00000, 0x0000000706a00000| Complete 
|  54|0x0000000706c00000, 0x0000000706e00000, 0x0000000706e00000|100%|HC|  |TAMS 0x0000000706c00000, 0x0000000706c00000| Complete 
|  55|0x0000000706e00000, 0x0000000707000000, 0x0000000707000000|100%|HC|  |TAMS 0x0000000706e00000, 0x0000000706e00000| Complete 
|  56|0x0000000707000000, 0x0000000707200000, 0x0000000707200000|100%|HC|  |TAMS 0x0000000707000000, 0x0000000707000000| Complete 
|  57|0x0000000707200000, 0x0000000707400000, 0x0000000707400000|100%|HC|  |TAMS 0x0000000707200000, 0x0000000707200000| Complete 
|  58|0x0000000707400000, 0x0000000707400000, 0x0000000707600000|  0%| F|  |TAMS 0x0000000707400000, 0x0000000707400000| Untracked 
|  59|0x0000000707600000, 0x0000000707600000, 0x0000000707800000|  0%| F|  |TAMS 0x0000000707600000, 0x0000000707600000| Untracked 
|  60|0x0000000707800000, 0x0000000707800000, 0x0000000707a00000|  0%| F|  |TAMS 0x0000000707800000, 0x0000000707800000| Untracked 
|  61|0x0000000707a00000, 0x0000000707a00000, 0x0000000707c00000|  0%| F|  |TAMS 0x0000000707a00000, 0x0000000707a00000| Untracked 
|  62|0x0000000707c00000, 0x0000000707c00000, 0x0000000707e00000|  0%| F|  |TAMS 0x0000000707c00000, 0x0000000707c00000| Untracked 
|  63|0x0000000707e00000, 0x0000000707e00000, 0x0000000708000000|  0%| F|  |TAMS 0x0000000707e00000, 0x0000000707e00000| Untracked 
|  64|0x0000000708000000, 0x0000000708000000, 0x0000000708200000|  0%| F|  |TAMS 0x0000000708000000, 0x0000000708000000| Untracked 
|  65|0x0000000708200000, 0x0000000708200000, 0x0000000708400000|  0%| F|  |TAMS 0x0000000708200000, 0x0000000708200000| Untracked 
|  66|0x0000000708400000, 0x0000000708400000, 0x0000000708600000|  0%| F|  |TAMS 0x0000000708400000, 0x0000000708400000| Untracked 
|  67|0x0000000708600000, 0x0000000708600000, 0x0000000708800000|  0%| F|  |TAMS 0x0000000708600000, 0x0000000708600000| Untracked 
|  68|0x0000000708800000, 0x0000000708800000, 0x0000000708a00000|  0%| F|  |TAMS 0x0000000708800000, 0x0000000708800000| Untracked 
|  69|0x0000000708a00000, 0x0000000708a00000, 0x0000000708c00000|  0%| F|  |TAMS 0x0000000708a00000, 0x0000000708a00000| Untracked 
|  70|0x0000000708c00000, 0x0000000708c00000, 0x0000000708e00000|  0%| F|  |TAMS 0x0000000708c00000, 0x0000000708c00000| Untracked 
|  71|0x0000000708e00000, 0x0000000708e00000, 0x0000000709000000|  0%| F|  |TAMS 0x0000000708e00000, 0x0000000708e00000| Untracked 
|  72|0x0000000709000000, 0x0000000709000000, 0x0000000709200000|  0%| F|  |TAMS 0x0000000709000000, 0x0000000709000000| Untracked 
|  73|0x0000000709200000, 0x0000000709200000, 0x0000000709400000|  0%| F|  |TAMS 0x0000000709200000, 0x0000000709200000| Untracked 
|  74|0x0000000709400000, 0x0000000709400000, 0x0000000709600000|  0%| F|  |TAMS 0x0000000709400000, 0x0000000709400000| Untracked 
|  75|0x0000000709600000, 0x0000000709600000, 0x0000000709800000|  0%| F|  |TAMS 0x0000000709600000, 0x0000000709600000| Untracked 
|  76|0x0000000709800000, 0x0000000709800000, 0x0000000709a00000|  0%| F|  |TAMS 0x0000000709800000, 0x0000000709800000| Untracked 
|  77|0x0000000709a00000, 0x0000000709a00000, 0x0000000709c00000|  0%| F|  |TAMS 0x0000000709a00000, 0x0000000709a00000| Untracked 
|  78|0x0000000709c00000, 0x0000000709c00000, 0x0000000709e00000|  0%| F|  |TAMS 0x0000000709c00000, 0x0000000709c00000| Untracked 
|  79|0x0000000709e00000, 0x0000000709e00000, 0x000000070a000000|  0%| F|  |TAMS 0x0000000709e00000, 0x0000000709e00000| Untracked 
|  80|0x000000070a000000, 0x000000070a000000, 0x000000070a200000|  0%| F|  |TAMS 0x000000070a000000, 0x000000070a000000| Untracked 
|  81|0x000000070a200000, 0x000000070a200000, 0x000000070a400000|  0%| F|  |TAMS 0x000000070a200000, 0x000000070a200000| Untracked 
|  82|0x000000070a400000, 0x000000070a400000, 0x000000070a600000|  0%| F|  |TAMS 0x000000070a400000, 0x000000070a400000| Untracked 
|  83|0x000000070a600000, 0x000000070a600000, 0x000000070a800000|  0%| F|  |TAMS 0x000000070a600000, 0x000000070a600000| Untracked 
|  84|0x000000070a800000, 0x000000070a800000, 0x000000070aa00000|  0%| F|  |TAMS 0x000000070a800000, 0x000000070a800000| Untracked 
|  85|0x000000070aa00000, 0x000000070aa00000, 0x000000070ac00000|  0%| F|  |TAMS 0x000000070aa00000, 0x000000070aa00000| Untracked 
|  86|0x000000070ac00000, 0x000000070ac00000, 0x000000070ae00000|  0%| F|  |TAMS 0x000000070ac00000, 0x000000070ac00000| Untracked 
|  87|0x000000070ae00000, 0x000000070ae00000, 0x000000070b000000|  0%| F|  |TAMS 0x000000070ae00000, 0x000000070ae00000| Untracked 
|  88|0x000000070b000000, 0x000000070b000000, 0x000000070b200000|  0%| F|  |TAMS 0x000000070b000000, 0x000000070b000000| Untracked 
|  89|0x000000070b200000, 0x000000070b200000, 0x000000070b400000|  0%| F|  |TAMS 0x000000070b200000, 0x000000070b200000| Untracked 
|  90|0x000000070b400000, 0x000000070b400000, 0x000000070b600000|  0%| F|  |TAMS 0x000000070b400000, 0x000000070b400000| Untracked 
|  91|0x000000070b600000, 0x000000070b600000, 0x000000070b800000|  0%| F|  |TAMS 0x000000070b600000, 0x000000070b600000| Untracked 
|  92|0x000000070b800000, 0x000000070b800000, 0x000000070ba00000|  0%| F|  |TAMS 0x000000070b800000, 0x000000070b800000| Untracked 
|  93|0x000000070ba00000, 0x000000070ba00000, 0x000000070bc00000|  0%| F|  |TAMS 0x000000070ba00000, 0x000000070ba00000| Untracked 
|  94|0x000000070bc00000, 0x000000070bc00000, 0x000000070be00000|  0%| F|  |TAMS 0x000000070bc00000, 0x000000070bc00000| Untracked 
|  95|0x000000070be00000, 0x000000070be00000, 0x000000070c000000|  0%| F|  |TAMS 0x000000070be00000, 0x000000070be00000| Untracked 
|  96|0x000000070c000000, 0x000000070c000000, 0x000000070c200000|  0%| F|  |TAMS 0x000000070c000000, 0x000000070c000000| Untracked 
|  97|0x000000070c200000, 0x000000070c200000, 0x000000070c400000|  0%| F|  |TAMS 0x000000070c200000, 0x000000070c200000| Untracked 
|  98|0x000000070c400000, 0x000000070c400000, 0x000000070c600000|  0%| F|  |TAMS 0x000000070c400000, 0x000000070c400000| Untracked 
|  99|0x000000070c600000, 0x000000070c600000, 0x000000070c800000|  0%| F|  |TAMS 0x000000070c600000, 0x000000070c600000| Untracked 
| 100|0x000000070c800000, 0x000000070c800000, 0x000000070ca00000|  0%| F|  |TAMS 0x000000070c800000, 0x000000070c800000| Untracked 
| 101|0x000000070ca00000, 0x000000070ca00000, 0x000000070cc00000|  0%| F|  |TAMS 0x000000070ca00000, 0x000000070ca00000| Untracked 
| 102|0x000000070cc00000, 0x000000070cc00000, 0x000000070ce00000|  0%| F|  |TAMS 0x000000070cc00000, 0x000000070cc00000| Untracked 
| 103|0x000000070ce00000, 0x000000070ce00000, 0x000000070d000000|  0%| F|  |TAMS 0x000000070ce00000, 0x000000070ce00000| Untracked 
| 104|0x000000070d000000, 0x000000070d000000, 0x000000070d200000|  0%| F|  |TAMS 0x000000070d000000, 0x000000070d000000| Untracked 
| 105|0x000000070d200000, 0x000000070d200000, 0x000000070d400000|  0%| F|  |TAMS 0x000000070d200000, 0x000000070d200000| Untracked 
| 106|0x000000070d400000, 0x000000070d400000, 0x000000070d600000|  0%| F|  |TAMS 0x000000070d400000, 0x000000070d400000| Untracked 
| 107|0x000000070d600000, 0x000000070d600000, 0x000000070d800000|  0%| F|  |TAMS 0x000000070d600000, 0x000000070d600000| Untracked 
| 108|0x000000070d800000, 0x000000070d800000, 0x000000070da00000|  0%| F|  |TAMS 0x000000070d800000, 0x000000070d800000| Untracked 
| 109|0x000000070da00000, 0x000000070da9ccc0, 0x000000070dc00000| 30%| S|CS|TAMS 0x000000070da00000, 0x000000070da00000| Complete 
| 110|0x000000070dc00000, 0x000000070dc00000, 0x000000070de00000|  0%| F|  |TAMS 0x000000070dc00000, 0x000000070dc00000| Untracked 
| 111|0x000000070de00000, 0x000000070de00000, 0x000000070e000000|  0%| F|  |TAMS 0x000000070de00000, 0x000000070de00000| Untracked 
| 112|0x000000070e000000, 0x000000070e000000, 0x000000070e200000|  0%| F|  |TAMS 0x000000070e000000, 0x000000070e000000| Untracked 
| 113|0x000000070e200000, 0x000000070e200000, 0x000000070e400000|  0%| F|  |TAMS 0x000000070e200000, 0x000000070e200000| Untracked 
| 114|0x000000070e400000, 0x000000070e400000, 0x000000070e600000|  0%| F|  |TAMS 0x000000070e400000, 0x000000070e400000| Untracked 
| 115|0x000000070e600000, 0x000000070e600000, 0x000000070e800000|  0%| F|  |TAMS 0x000000070e600000, 0x000000070e600000| Untracked 
| 116|0x000000070e800000, 0x000000070e800000, 0x000000070ea00000|  0%| F|  |TAMS 0x000000070e800000, 0x000000070e800000| Untracked 
| 117|0x000000070ea00000, 0x000000070ea00000, 0x000000070ec00000|  0%| F|  |TAMS 0x000000070ea00000, 0x000000070ea00000| Untracked 
| 118|0x000000070ec00000, 0x000000070ec00000, 0x000000070ee00000|  0%| F|  |TAMS 0x000000070ec00000, 0x000000070ec00000| Untracked 
| 119|0x000000070ee00000, 0x000000070ee00000, 0x000000070f000000|  0%| F|  |TAMS 0x000000070ee00000, 0x000000070ee00000| Untracked 
| 120|0x000000070f000000, 0x000000070f000000, 0x000000070f200000|  0%| F|  |TAMS 0x000000070f000000, 0x000000070f000000| Untracked 
| 121|0x000000070f200000, 0x000000070f200000, 0x000000070f400000|  0%| F|  |TAMS 0x000000070f200000, 0x000000070f200000| Untracked 
| 122|0x000000070f400000, 0x000000070f400000, 0x000000070f600000|  0%| F|  |TAMS 0x000000070f400000, 0x000000070f400000| Untracked 
| 123|0x000000070f600000, 0x000000070f600000, 0x000000070f800000|  0%| F|  |TAMS 0x000000070f600000, 0x000000070f600000| Untracked 
| 124|0x000000070f800000, 0x000000070f800000, 0x000000070fa00000|  0%| F|  |TAMS 0x000000070f800000, 0x000000070f800000| Untracked 
| 125|0x000000070fa00000, 0x000000070fa00000, 0x000000070fc00000|  0%| F|  |TAMS 0x000000070fa00000, 0x000000070fa00000| Untracked 
| 126|0x000000070fc00000, 0x000000070fc00000, 0x000000070fe00000|  0%| F|  |TAMS 0x000000070fc00000, 0x000000070fc00000| Untracked 
| 127|0x000000070fe00000, 0x000000070ff00000, 0x0000000710000000| 50%| E|  |TAMS 0x000000070fe00000, 0x000000070fe00000| Complete 
|2046|0x00000007ffc00000, 0x00000007ffd74000, 0x00000007ffe00000| 72%|OA|  |TAMS 0x00000007ffc00000, 0x00000007ffd74000| Untracked 
|2047|0x00000007ffe00000, 0x00000007ffe72000, 0x0000000800000000| 22%|CA|  |TAMS 0x00000007ffe00000, 0x00000007ffe72000| Untracked 

Card table byte_map: [0x0000000111054000,0x0000000111854000] _byte_map_base: 0x000000010d854000

Marking Bits (Prev, Next): (CMBitMap*) 0x00007fe2b1808210, (CMBitMap*) 0x00007fe2b1808250
 Prev Bits: [0x0000000112054000, 0x0000000116054000)
 Next Bits: [0x0000000125617000, 0x0000000129617000)

Polling page: 0x0000000107707000

Metaspace:

Usage:
  Non-class:      6.60 MB used.
      Class:    874.08 KB used.
       Both:      7.45 MB used.

Virtual space:
  Non-class space:       64.00 MB reserved,       6.69 MB ( 10%) committed,  1 nodes.
      Class space:        1.00 GB reserved,     960.00 KB ( <1%) committed,  1 nodes.
             Both:        1.06 GB reserved,       7.62 MB ( <1%) committed. 

Chunk freelists:
   Non-Class:  1.28 MB
       Class:  3.05 MB
        Both:  4.33 MB

MaxMetaspaceSize: unlimited
CompressedClassSpaceSize: 1.00 GB
Initial GC threshold: 21.00 MB
Current GC threshold: 21.00 MB
CDS: on
MetaspaceReclaimPolicy: balanced
 - commit_granule_bytes: 65536.
 - commit_granule_words: 8192.
 - virtual_space_node_default_size: 8388608.
 - enlarge_chunks_in_place: 1.
 - new_chunks_are_fully_committed: 0.
 - uncommit_free_chunks: 1.
 - use_allocation_guard: 0.


Internal statistics:

num_allocs_failed_limit: 0.
num_arena_births: 82.
num_arena_deaths: 0.
num_vsnodes_births: 2.
num_vsnodes_deaths: 0.
num_space_committed: 122.
num_space_uncommitted: 0.
num_chunks_returned_to_freelist: 0.
num_chunks_taken_from_freelist: 213.
num_chunk_merges: 0.
num_chunk_splits: 142.
num_chunks_enlarged: 106.
num_inconsistent_stats: 0.

CodeHeap 'non-profiled nmethods': size=120028Kb used=435Kb max_used=435Kb free=119593Kb
 bounds [0x000000011e0e0000, 0x000000011e350000, 0x0000000125617000]
CodeHeap 'profiled nmethods': size=120028Kb used=2112Kb max_used=2112Kb free=117915Kb
 bounds [0x0000000116ba9000, 0x0000000116e19000, 0x000000011e0e0000]
CodeHeap 'non-nmethods': size=5704Kb used=1197Kb max_used=1219Kb free=4507Kb
 bounds [0x0000000116617000, 0x0000000116887000, 0x0000000116ba9000]
 total_blobs=1624 nmethods=1134 adapters=404
 compilation: enabled
              stopped_count=0, restarted_count=0
 full_count=0

Compilation events (20 events):
Event: 1.653 Thread 0x00007fe2ad008c00 1126       3       com.github.jaiimageio.impl.plugins.tiff.TIFFImageReader::ifloor (14 bytes)
Event: 1.653 Thread 0x00007fe2ad008c00 nmethod 1126 0x0000000116db7690 code [0x0000000116db7820, 0x0000000116db7970]
Event: 1.653 Thread 0x00007fe2ad008c00 1124  s    3       sun.java2d.StateTrackableDelegate::setUntrackable (33 bytes)
Event: 1.653 Thread 0x00007fe2ad008c00 nmethod 1124 0x0000000116db7a10 code [0x0000000116db7be0, 0x0000000116db7f60]
Event: 1.653 Thread 0x00007fe2ad008c00 1128       3       java.lang.Math::min (12 bytes)
Event: 1.653 Thread 0x00007fe2ad008c00 nmethod 1128 0x0000000116db8090 code [0x0000000116db8220, 0x0000000116db8350]
Event: 1.664 Thread 0x00007fe2af82a200 1129       4       java.io.RandomAccessFile::readFully (45 bytes)
Event: 1.665 Thread 0x00007fe2af82a200 nmethod 1129 0x000000011e14b490 code [0x000000011e14b620, 0x000000011e14b708]
Event: 1.665 Thread 0x00007fe2af82a200 1130       4       java.io.ByteArrayOutputStream::ensureCapacity (32 bytes)
Event: 1.667 Thread 0x00007fe2af82a200 nmethod 1130 0x000000011e14b810 code [0x000000011e14b9a0, 0x000000011e14bb78]
Event: 1.667 Thread 0x00007fe2af82a200 1131  s    4       java.io.ByteArrayOutputStream::write (43 bytes)
Event: 1.671 Thread 0x00007fe2af82a200 nmethod 1131 0x000000011e14bc90 code [0x000000011e14be40, 0x000000011e14c3d8]
Event: 1.671 Thread 0x00007fe2af82a200 1132       4       java.lang.Math::min (12 bytes)
Event: 1.671 Thread 0x00007fe2af82a200 nmethod 1132 0x000000011e14c610 code [0x000000011e14c780, 0x000000011e14c818]
Event: 1.770 Thread 0x00007fe2ad008c00 1133       3       java.lang.reflect.Method::copy (84 bytes)
Event: 1.771 Thread 0x00007fe2ad008c00 nmethod 1133 0x0000000116db8410 code [0x0000000116db85e0, 0x0000000116db8a30]
Event: 1.802 Thread 0x00007fe2af82a200 1134       4       java.lang.ref.SoftReference::get (29 bytes)
Event: 1.802 Thread 0x00007fe2ad008c00 1135       3       java.lang.Class::cast (27 bytes)
Event: 1.802 Thread 0x00007fe2ad008c00 nmethod 1135 0x0000000116db8b10 code [0x0000000116db8ce0, 0x0000000116db8f90]
Event: 1.803 Thread 0x00007fe2af82a200 nmethod 1134 0x000000011e14c910 code [0x000000011e14caa0, 0x000000011e14cb98]

GC Heap History (6 events):
Event: 0.865 GC heap before
{Heap before GC invocations=0 (full 0):
 garbage-first heap   total 266240K, used 40856K [0x0000000700000000, 0x0000000800000000)
  region size 2048K, 11 young (22528K), 0 survivors (0K)
 Metaspace       used 5515K, committed 5760K, reserved 1114112K
  class space    used 594K, committed 704K, reserved 1048576K
}
Event: 0.869 GC heap after
{Heap after GC invocations=1 (full 0):
 garbage-first heap   total 266240K, used 24515K [0x0000000700000000, 0x0000000800000000)
  region size 2048K, 2 young (4096K), 2 survivors (4096K)
 Metaspace       used 5515K, committed 5760K, reserved 1114112K
  class space    used 594K, committed 704K, reserved 1048576K
}
Event: 1.538 GC heap before
{Heap before GC invocations=1 (full 0):
 garbage-first heap   total 266240K, used 51139K [0x0000000700000000, 0x0000000800000000)
  region size 2048K, 16 young (32768K), 2 survivors (4096K)
 Metaspace       used 7262K, committed 7424K, reserved 1114112K
  class space    used 801K, committed 896K, reserved 1048576K
}
Event: 1.542 GC heap after
{Heap after GC invocations=2 (full 0):
 garbage-first heap   total 266240K, used 25344K [0x0000000700000000, 0x0000000800000000)
  region size 2048K, 1 young (2048K), 1 survivors (2048K)
 Metaspace       used 7262K, committed 7424K, reserved 1114112K
  class space    used 801K, committed 896K, reserved 1048576K
}
Event: 1.723 GC heap before
{Heap before GC invocations=2 (full 0):
 garbage-first heap   total 266240K, used 115456K [0x0000000700000000, 0x0000000800000000)
  region size 2048K, 18 young (36864K), 1 survivors (2048K)
 Metaspace       used 7604K, committed 7808K, reserved 1114112K
  class space    used 873K, committed 960K, reserved 1048576K
}
Event: 1.725 GC heap after
{Heap after GC invocations=3 (full 0):
 garbage-first heap   total 266240K, used 62081K [0x0000000700000000, 0x0000000800000000)
  region size 2048K, 1 young (2048K), 1 survivors (2048K)
 Metaspace       used 7604K, committed 7808K, reserved 1114112K
  class space    used 873K, committed 960K, reserved 1048576K
}

Deoptimization events (20 events):
Event: 0.987 Thread 0x00007fe2af808800 Uncommon trap: trap_request=0xffffff45 fr.pc=0x000000011e11af04 relative=0x0000000000000684
Event: 0.987 Thread 0x00007fe2af808800 Uncommon trap: reason=unstable_if action=reinterpret pc=0x000000011e11af04 method=java.util.zip.ZipFile$Source.getEntryPos(Ljava/lang/String;Z)I @ 104 c2
Event: 0.987 Thread 0x00007fe2af808800 DEOPT PACKING pc=0x000000011e11af04 sp=0x0000700000ad9540
Event: 0.987 Thread 0x00007fe2af808800 DEOPT UNPACKING pc=0x0000000116669099 sp=0x0000700000ad94e8 mode 2
Event: 1.040 Thread 0x00007fe2af808800 Uncommon trap: trap_request=0xffffff45 fr.pc=0x000000011e1002e0 relative=0x0000000000000240
Event: 1.040 Thread 0x00007fe2af808800 Uncommon trap: reason=unstable_if action=reinterpret pc=0x000000011e1002e0 method=java.lang.String.startsWith(Ljava/lang/String;I)Z @ 1 c2
Event: 1.040 Thread 0x00007fe2af808800 DEOPT PACKING pc=0x000000011e1002e0 sp=0x0000700000ad86e0
Event: 1.040 Thread 0x00007fe2af808800 DEOPT UNPACKING pc=0x0000000116669099 sp=0x0000700000ad8668 mode 2
Event: 1.390 Thread 0x00007fe2af808800 DEOPT PACKING pc=0x0000000116c1d03f sp=0x0000700000ad8cc0
Event: 1.390 Thread 0x00007fe2af808800 DEOPT UNPACKING pc=0x000000011666982f sp=0x0000700000ad8188 mode 0
Event: 1.421 Thread 0x00007fe2af808800 Uncommon trap: trap_request=0xffffff45 fr.pc=0x000000011e134f68 relative=0x0000000000000588
Event: 1.421 Thread 0x00007fe2af808800 Uncommon trap: reason=unstable_if action=reinterpret pc=0x000000011e134f68 method=jdk.internal.org.objectweb.asm.Frame.execute(IILjdk/internal/org/objectweb/asm/Symbol;Ljdk/internal/org/objectweb/asm/SymbolTable;)V @ 1 c2
Event: 1.421 Thread 0x00007fe2af808800 DEOPT PACKING pc=0x000000011e134f68 sp=0x0000700000ad99f0
Event: 1.421 Thread 0x00007fe2af808800 DEOPT UNPACKING pc=0x0000000116669099 sp=0x0000700000ad9968 mode 2
Event: 1.453 Thread 0x00007fe2af808800 DEOPT PACKING pc=0x0000000116bb4586 sp=0x0000700000ad99e0
Event: 1.453 Thread 0x00007fe2af808800 DEOPT UNPACKING pc=0x000000011666982f sp=0x0000700000ad8ef8 mode 0
Event: 1.751 Thread 0x00007fe2af808800 Uncommon trap: trap_request=0xffffff45 fr.pc=0x000000011e14c7cc relative=0x000000000000004c
Event: 1.751 Thread 0x00007fe2af808800 Uncommon trap: reason=unstable_if action=reinterpret pc=0x000000011e14c7cc method=java.lang.Math.min(JJ)J @ 3 c2
Event: 1.751 Thread 0x00007fe2af808800 DEOPT PACKING pc=0x000000011e14c7cc sp=0x0000700000ada5e0
Event: 1.751 Thread 0x00007fe2af808800 DEOPT UNPACKING pc=0x0000000116669099 sp=0x0000700000ada5a0 mode 2

Classes loaded (20 events):
Event: 1.440 Loading class com/sun/imageio/stream/StreamCloser
Event: 1.440 Loading class com/sun/imageio/stream/StreamCloser done
Event: 1.440 Loading class com/sun/imageio/stream/StreamCloser$CloseAction
Event: 1.440 Loading class com/sun/imageio/stream/StreamCloser$CloseAction done
Event: 1.440 Loading class com/sun/imageio/stream/StreamCloser$1
Event: 1.440 Loading class com/sun/imageio/stream/StreamCloser$1 done
Event: 1.460 Loading class java/util/Collections$UnmodifiableSortedSet
Event: 1.460 Loading class java/util/Collections$UnmodifiableSortedSet done
Event: 1.461 Loading class java/awt/image/MultiPixelPackedSampleModel
Event: 1.461 Loading class java/awt/image/MultiPixelPackedSampleModel done
Event: 1.599 Loading class javax/imageio/ImageIO$CanDecodeInputFilter
Event: 1.599 Loading class javax/imageio/ImageIO$CanDecodeInputFilter done
Event: 1.625 Loading class java/awt/image/DataBufferUShort
Event: 1.625 Loading class java/awt/image/DataBufferUShort done
Event: 1.625 Loading class java/awt/image/DataBufferShort
Event: 1.625 Loading class java/awt/image/DataBufferShort done
Event: 1.625 Loading class java/awt/image/DataBufferInt
Event: 1.625 Loading class java/awt/image/DataBufferInt done
Event: 1.770 Loading class java/lang/StrictMath
Event: 1.770 Loading class java/lang/StrictMath done

Classes unloaded (0 events):
No events

Classes redefined (0 events):
No events

Internal exceptions (7 events):
Event: 0.254 Thread 0x00007fe2af808800 Exception <a 'java/lang/ClassNotFoundException'{0x000000070fae85c0}: javax/smartcardio/CardPermission> (0x000000070fae85c0) 
thrown [open/src/hotspot/share/classfile/systemDictionary.cpp, line 255]
Event: 0.258 Thread 0x00007fe2af808800 Exception <a 'java/io/FileNotFoundException'{0x000000070faf5f70}> (0x000000070faf5f70) 
thrown [open/src/hotspot/share/prims/jni.cpp, line 516]
Event: 0.619 Thread 0x00007fe2af808800 Exception <a 'java/lang/ClassNotFoundException'{0x000000070f7ced10}: sun/awt/resources/spi/awtProvider> (0x000000070f7ced10) 
thrown [open/src/hotspot/share/classfile/systemDictionary.cpp, line 255]
Event: 0.634 Thread 0x00007fe2af808800 Exception <a 'java/io/FileNotFoundException'{0x000000070f7f9a98}> (0x000000070f7f9a98) 
thrown [open/src/hotspot/share/prims/jni.cpp, line 516]
Event: 0.635 Thread 0x00007fe2af808800 Exception <a 'java/io/FileNotFoundException'{0x000000070f7fad00}> (0x000000070f7fad00) 
thrown [open/src/hotspot/share/prims/jni.cpp, line 516]
Event: 0.683 Thread 0x00007fe2af808800 Exception <a 'java/lang/NoSuchMethodError'{0x000000070f582ac0}: 'java.lang.Object java.lang.invoke.DirectMethodHandle$Holder.invokeStaticInit(java.lang.Object)'> (0x000000070f582ac0) 
thrown [open/src/hotspot/share/interpreter/linkResolver.cpp, line 759]
Event: 1.420 Thread 0x00007fe2af808800 Exception <a 'java/lang/NoSuchMethodError'{0x000000070f2092f0}: 'int java.lang.invoke.DirectMethodHandle$Holder.invokeSpecial(java.lang.Object, java.lang.Object, java.lang.Object)'> (0x000000070f2092f0) 
thrown [open/src/hotspot/share/interpreter/linkResolver.cpp, line 759]

VM Operations (20 events):
Event: 0.281 Executing VM operation: HandshakeAllThreads
Event: 0.281 Executing VM operation: HandshakeAllThreads done
Event: 0.344 Executing VM operation: HandshakeAllThreads
Event: 0.344 Executing VM operation: HandshakeAllThreads done
Event: 0.692 Executing VM operation: HandshakeAllThreads
Event: 0.692 Executing VM operation: HandshakeAllThreads done
Event: 0.864 Executing VM operation: G1CollectForAllocation
Event: 0.869 Executing VM operation: G1CollectForAllocation done
Event: 1.039 Executing VM operation: HandshakeAllThreads
Event: 1.039 Executing VM operation: HandshakeAllThreads done
Event: 1.220 Executing VM operation: HandshakeAllThreads
Event: 1.220 Executing VM operation: HandshakeAllThreads done
Event: 1.538 Executing VM operation: G1CollectForAllocation
Event: 1.542 Executing VM operation: G1CollectForAllocation done
Event: 1.600 Executing VM operation: HandshakeAllThreads
Event: 1.600 Executing VM operation: HandshakeAllThreads done
Event: 1.625 Executing VM operation: HandshakeAllThreads
Event: 1.625 Executing VM operation: HandshakeAllThreads done
Event: 1.723 Executing VM operation: G1TryInitiateConcMark
Event: 1.725 Executing VM operation: G1TryInitiateConcMark done

Events (20 events):
Event: 0.641 Protecting memory [0x0000700001d17000,0x0000700001d1b000] with protection modes 0
Event: 0.684 Thread 0x00007fe2b0026c00 Thread added: 0x00007fe2b0026c00
Event: 0.684 Protecting memory [0x0000700001e1a000,0x0000700001e1e000] with protection modes 0
Event: 1.035 Loading shared library /Users/tuanpn/Library/Java/JavaVirtualMachines/openjdk-18.0.2/Contents/Home/lib/libjnidispatch.dylib failed, dlopen(/Users/tuanpn/Library/Java/JavaVirtualMachines/openjdk-18.0.2/Contents/Home/lib/libjnidispatch.dylib, 0x0001): tried
Event: 1.035 Loading shared library /Users/tuanpn/Library/Java/JavaVirtualMachines/openjdk-18.0.2/Contents/Home/lib/libjnidispatch.jnilib failed, dlopen(/Users/tuanpn/Library/Java/JavaVirtualMachines/openjdk-18.0.2/Contents/Home/lib/libjnidispatch.jnilib, 0x0001): tri
Event: 1.035 Loading shared library /Users/tuanpn/Library/Java/Extensions/libjnidispatch.dylib failed, dlopen(/Users/tuanpn/Library/Java/Extensions/libjnidispatch.dylib, 0x0001): tried: '/Users/tuanpn/Library/Java/Extensions/libjnidispatch.dylib' (no such file)
Event: 1.036 Loading shared library /Users/tuanpn/Library/Java/Extensions/libjnidispatch.jnilib failed, dlopen(/Users/tuanpn/Library/Java/Extensions/libjnidispatch.jnilib, 0x0001): tried: '/Users/tuanpn/Library/Java/Extensions/libjnidispatch.jnilib' (no such file)
Event: 1.036 Loading shared library /Library/Java/Extensions/libjnidispatch.dylib failed, dlopen(/Library/Java/Extensions/libjnidispatch.dylib, 0x0001): tried: '/Library/Java/Extensions/libjnidispatch.dylib' (no such file)
Event: 1.036 Loading shared library /Library/Java/Extensions/libjnidispatch.jnilib failed, dlopen(/Library/Java/Extensions/libjnidispatch.jnilib, 0x0001): tried: '/Library/Java/Extensions/libjnidispatch.jnilib' (no such file)
Event: 1.036 Loading shared library /Network/Library/Java/Extensions/libjnidispatch.dylib failed, dlopen(/Network/Library/Java/Extensions/libjnidispatch.dylib, 0x0001): tried: '/Network/Library/Java/Extensions/libjnidispatch.dylib' (no such file)
Event: 1.036 Loading shared library /Network/Library/Java/Extensions/libjnidispatch.jnilib failed, dlopen(/Network/Library/Java/Extensions/libjnidispatch.jnilib, 0x0001): tried: '/Network/Library/Java/Extensions/libjnidispatch.jnilib' (no such file)
Event: 1.036 Loading shared library /System/Library/Java/Extensions/libjnidispatch.dylib failed, dlopen(/System/Library/Java/Extensions/libjnidispatch.dylib, 0x0001): tried: '/System/Library/Java/Extensions/libjnidispatch.dylib' (no such file)
Event: 1.036 Loading shared library /System/Library/Java/Extensions/libjnidispatch.jnilib failed, dlopen(/System/Library/Java/Extensions/libjnidispatch.jnilib, 0x0001): tried: '/System/Library/Java/Extensions/libjnidispatch.jnilib' (no such file)
Event: 1.037 Loading shared library /usr/lib/java/libjnidispatch.dylib failed, dlopen(/usr/lib/java/libjnidispatch.dylib, 0x0001): tried: '/usr/lib/java/libjnidispatch.dylib' (no such file)
Event: 1.037 Loading shared library /usr/lib/java/libjnidispatch.jnilib failed, dlopen(/usr/lib/java/libjnidispatch.jnilib, 0x0001): tried: '/usr/lib/java/libjnidispatch.jnilib' (no such file)
Event: 1.037 Loading shared library /Users/tuanpn/Documents/remote-jobs/tools/screenshot/libjnidispatch.dylib failed, dlopen(/Users/tuanpn/Documents/remote-jobs/tools/screenshot/libjnidispatch.dylib, 0x0001): tried: '/Users/tuanpn/Documents/remote-jobs/tools/screensho
Event: 1.037 Loading shared library /Users/tuanpn/Documents/remote-jobs/tools/screenshot/libjnidispatch.jnilib failed, dlopen(/Users/tuanpn/Documents/remote-jobs/tools/screenshot/libjnidispatch.jnilib, 0x0001): tried: '/Users/tuanpn/Documents/remote-jobs/tools/screens
Event: 1.213 Loaded shared library /private/var/folders/_l/f_0mr_jx1rnbhz_2bjr4xr8c0000gp/T/jna-1983535792/jna6924104269098256560.tmp
Event: 1.216 Protecting memory [0x0000700001d17000,0x0000700001d1b000] with protection modes 3
Event: 1.216 Thread 0x00007fe2ae00f200 Thread exited: 0x00007fe2ae00f200


Dynamic libraries:
0x00000001076e5000 	/Users/tuanpn/Library/Java/JavaVirtualMachines/openjdk-18.0.2/Contents/Home/lib/libjli.dylib
0x00007ff81f7d5000 	/usr/lib/libz.1.dylib
0x00007ff81f8b5000 	/usr/lib/libSystem.B.dylib
0x00007ff81f8b0000 	/usr/lib/system/libcache.dylib
0x00007ff81f86c000 	/usr/lib/system/libcommonCrypto.dylib
0x00007ff81f895000 	/usr/lib/system/libcompiler_rt.dylib
0x00007ff81f88b000 	/usr/lib/system/libcopyfile.dylib
0x00007ff814844000 	/usr/lib/system/libcorecrypto.dylib
0x00007ff814902000 	/usr/lib/system/libdispatch.dylib
0x00007ff814ac2000 	/usr/lib/system/libdyld.dylib
0x00007ff81f8a7000 	/usr/lib/system/libkeymgr.dylib
0x00007ff81f84a000 	/usr/lib/system/libmacho.dylib
0x00007ff81eecb000 	/usr/lib/system/libquarantine.dylib
0x00007ff81f8a5000 	/usr/lib/system/libremovefile.dylib
0x00007ff819a57000 	/usr/lib/system/libsystem_asl.dylib
0x00007ff8147ed000 	/usr/lib/system/libsystem_blocks.dylib
0x00007ff814986000 	/usr/lib/system/libsystem_c.dylib
0x00007ff81f89d000 	/usr/lib/system/libsystem_collections.dylib
0x00007ff81e17f000 	/usr/lib/system/libsystem_configuration.dylib
0x00007ff81d428000 	/usr/lib/system/libsystem_containermanager.dylib
0x00007ff81f582000 	/usr/lib/system/libsystem_coreservices.dylib
0x00007ff8170f8000 	/usr/lib/system/libsystem_darwin.dylib
0x00007ff81f8a8000 	/usr/lib/system/libsystem_dnssd.dylib
0x00007ff814983000 	/usr/lib/system/libsystem_featureflags.dylib
0x00007ff814ad8000 	/usr/lib/system/libsystem_info.dylib
0x00007ff81f7e8000 	/usr/lib/system/libsystem_m.dylib
0x00007ff8148d6000 	/usr/lib/system/libsystem_malloc.dylib
0x00007ff8199f2000 	/usr/lib/system/libsystem_networkextension.dylib
0x00007ff81751e000 	/usr/lib/system/libsystem_notify.dylib
0x00007ff825b23000 	/usr/lib/system/libsystem_product_info_filter.dylib
0x00007ff81e183000 	/usr/lib/system/libsystem_sandbox.dylib
0x00007ff81f8a2000 	/usr/lib/system/libsystem_secinit.dylib
0x00007ff814a7e000 	/usr/lib/system/libsystem_kernel.dylib
0x00007ff814ace000 	/usr/lib/system/libsystem_platform.dylib
0x00007ff814ab6000 	/usr/lib/system/libsystem_pthread.dylib
0x00007ff81b2a5000 	/usr/lib/system/libsystem_symptoms.dylib
0x00007ff81482b000 	/usr/lib/system/libsystem_trace.dylib
0x00007ff81f878000 	/usr/lib/system/libunwind.dylib
0x00007ff8147ef000 	/usr/lib/system/libxpc.dylib
0x00007ff814a68000 	/usr/lib/libc++abi.dylib
0x00007ff814949000 	/usr/lib/libobjc.A.dylib
0x00007ff81f883000 	/usr/lib/liboah.dylib
0x00007ff814a0f000 	/usr/lib/libc++.1.dylib
0x00007ff82b924000 	/System/Library/Frameworks/Cocoa.framework/Versions/A/Cocoa
0x00007ff81757c000 	/System/Library/Frameworks/AppKit.framework/Versions/C/AppKit
0x00007ff81aa93000 	/System/Library/Frameworks/CoreData.framework/Versions/A/CoreData
0x00007ff81597f000 	/System/Library/Frameworks/Foundation.framework/Versions/C/Foundation
0x00007ff81840c000 	/System/Library/PrivateFrameworks/UIFoundation.framework/Versions/A/UIFoundation
0x00007ff825826000 	/System/Library/PrivateFrameworks/RemoteViewServices.framework/Versions/A/RemoteViewServices
0x00007ff81db09000 	/System/Library/PrivateFrameworks/XCTTargetBootstrap.framework/Versions/A/XCTTargetBootstrap
0x00007ff8216bc000 	/System/Library/PrivateFrameworks/InternationalSupport.framework/Versions/A/InternationalSupport
0x00007ff821746000 	/System/Library/PrivateFrameworks/UserActivity.framework/Versions/A/UserActivity
0x00007ff820a9c000 	/usr/lib/libspindump.dylib
0x00007ff81869b000 	/System/Library/Frameworks/UniformTypeIdentifiers.framework/Versions/A/UniformTypeIdentifiers
0x00007ff81c22d000 	/usr/lib/libapp_launch_measurement.dylib
0x00007ff81b465000 	/System/Library/PrivateFrameworks/CoreAnalytics.framework/Versions/A/CoreAnalytics
0x00007ff81c230000 	/System/Library/PrivateFrameworks/CoreAutoLayout.framework/Versions/A/CoreAutoLayout
0x00007ff81d460000 	/System/Library/Frameworks/Metal.framework/Versions/A/Metal
0x00007ff81e18f000 	/usr/lib/liblangid.dylib
0x00007ff81db0e000 	/System/Library/PrivateFrameworks/CoreSVG.framework/Versions/A/CoreSVG
0x00007ff819a87000 	/System/Library/PrivateFrameworks/SkyLight.framework/Versions/A/SkyLight
0x00007ff819e26000 	/System/Library/Frameworks/CoreGraphics.framework/Versions/A/CoreGraphics
0x00007ff825ee6000 	/System/Library/Frameworks/Accelerate.framework/Versions/A/Accelerate
0x00007ff82051b000 	/System/Library/PrivateFrameworks/IconServices.framework/Versions/A/IconServices
0x00007ff81d445000 	/System/Library/Frameworks/IOSurface.framework/Versions/A/IOSurface
0x00007ff81b493000 	/usr/lib/libDiagnosticMessagesClient.dylib
0x00007ff8295c8000 	/System/Library/Frameworks/ApplicationServices.framework/Versions/A/ApplicationServices
0x00007ff81daf5000 	/System/Library/PrivateFrameworks/DFRFoundation.framework/Versions/A/DFRFoundation
0x00007ff816e64000 	/usr/lib/libicucore.A.dylib
0x00007ff8224b2000 	/System/Library/Frameworks/AudioToolbox.framework/Versions/A/AudioToolbox
0x00007ff8216c8000 	/System/Library/PrivateFrameworks/DataDetectorsCore.framework/Versions/A/DataDetectorsCore
0x00007ff91dbc6000 	/System/Library/PrivateFrameworks/TextInput.framework/Versions/A/TextInput
0x00007ff819a0a000 	/usr/lib/libMobileGestalt.dylib
0x00007ff81d801000 	/System/Library/Frameworks/Carbon.framework/Versions/A/Frameworks/HIToolbox.framework/Versions/A/HIToolbox
0x00007ff81bc30000 	/System/Library/Frameworks/QuartzCore.framework/Versions/A/QuartzCore
0x00007ff816b09000 	/System/Library/Frameworks/Security.framework/Versions/A/Security
0x00007ff82585e000 	/System/Library/Frameworks/Carbon.framework/Versions/A/Frameworks/SpeechRecognition.framework/Versions/A/SpeechRecognition
0x00007ff81bf8d000 	/System/Library/PrivateFrameworks/CoreUI.framework/Versions/A/CoreUI
0x00007ff8163d3000 	/System/Library/Frameworks/CoreAudio.framework/Versions/A/CoreAudio
0x00007ff81b582000 	/System/Library/Frameworks/DiskArbitration.framework/Versions/A/DiskArbitration
0x00007ff820e8a000 	/System/Library/PrivateFrameworks/MultitouchSupport.framework/Versions/A/MultitouchSupport
0x00007ff819a09000 	/usr/lib/libenergytrace.dylib
0x00007ff817468000 	/System/Library/Frameworks/IOKit.framework/Versions/A/IOKit
0x00007ff825c4e000 	/System/Library/Frameworks/CoreServices.framework/Versions/A/CoreServices
0x00007ff81c1c7000 	/System/Library/PrivateFrameworks/PerformanceAnalysis.framework/Versions/A/PerformanceAnalysis
0x00007ffa2d8a8000 	/System/Library/Frameworks/OpenGL.framework/Versions/A/OpenGL
0x00007ff81edf1000 	/System/Library/PrivateFrameworks/MobileKeyBag.framework/Versions/A/MobileKeyBag
0x00007ff81a4f2000 	/System/Library/Frameworks/ColorSync.framework/Versions/A/ColorSync
0x00007ff814b03000 	/System/Library/Frameworks/CoreFoundation.framework/Versions/A/CoreFoundation
0x00007ff81dd85000 	/System/Library/Frameworks/CoreImage.framework/Versions/A/CoreImage
0x00007ff8161e7000 	/System/Library/Frameworks/CoreText.framework/Versions/A/CoreText
0x00007ff81db3e000 	/System/Library/Frameworks/ImageIO.framework/Versions/A/ImageIO
0x00007ff81f8bb000 	/System/Library/PrivateFrameworks/SoftLinking.framework/Versions/A/SoftLinking
0x00007ff81c278000 	/usr/lib/libxml2.2.dylib
0x00007ff81fb3f000 	/usr/lib/libcompression.dylib
0x00007ff8215ef000 	/System/Library/PrivateFrameworks/TextureIO.framework/Versions/A/TextureIO
0x00007ff82022d000 	/usr/lib/libate.dylib
0x00007ff820009000 	/usr/lib/liblzma.5.dylib
0x00007ff815691000 	/System/Library/Frameworks/SystemConfiguration.framework/Versions/A/SystemConfiguration
0x00007ff81f8b7000 	/usr/lib/libfakelink.dylib
0x00007ff819562000 	/System/Library/Frameworks/CFNetwork.framework/Versions/A/CFNetwork
0x00007ff81f9f8000 	/usr/lib/libarchive.2.dylib
0x00007ff81e18b000 	/System/Library/PrivateFrameworks/AppleSystemInfo.framework/Versions/A/AppleSystemInfo
0x00007ff81eef2000 	/usr/lib/libbsm.0.dylib
0x00007ff818b71000 	/usr/lib/libnetwork.dylib
0x00007ff81f850000 	/usr/lib/system/libkxld.dylib
0x00007ff81eb25000 	/System/Library/PrivateFrameworks/IOMobileFramebuffer.framework/Versions/A/IOMobileFramebuffer
0x00007ffb2d272000 	/usr/lib/libCoreEntitlements.dylib
0x00007ff81f564000 	/System/Library/PrivateFrameworks/AppleFSCompression.framework/Versions/A/AppleFSCompression
0x00007ff81eeda000 	/usr/lib/libcoretls.dylib
0x00007ff820023000 	/usr/lib/libcoretls_cfhelpers.dylib
0x00007ff81fb3a000 	/usr/lib/libpam.2.dylib
0x00007ff81aec4000 	/usr/lib/libsqlite3.dylib
0x00007ff820092000 	/usr/lib/libxar.1.dylib
0x00007ff81f574000 	/usr/lib/libbz2.1.0.dylib
0x00007ff81f8bc000 	/usr/lib/libpcap.A.dylib
0x00007ff81b29d000 	/usr/lib/libdns_services.dylib
0x00007ff81fb0a000 	/usr/lib/libapple_nghttp2.dylib
0x00007ff81f8f6000 	/usr/lib/libiconv.2.dylib
0x00007ff81f849000 	/usr/lib/libcharset.1.dylib
0x00007ff81c1fb000 	/System/Library/Frameworks/CoreServices.framework/Versions/A/Frameworks/FSEvents.framework/Versions/A/FSEvents
0x00007ff817102000 	/System/Library/Frameworks/CoreServices.framework/Versions/A/Frameworks/CarbonCore.framework/Versions/A/CarbonCore
0x00007ff81b4e6000 	/System/Library/Frameworks/CoreServices.framework/Versions/A/Frameworks/Metadata.framework/Versions/A/Metadata
0x00007ff81f587000 	/System/Library/Frameworks/CoreServices.framework/Versions/A/Frameworks/OSServices.framework/Versions/A/OSServices
0x00007ff81fa7f000 	/System/Library/Frameworks/CoreServices.framework/Versions/A/Frameworks/SearchKit.framework/Versions/A/SearchKit
0x00007ff81b22f000 	/System/Library/Frameworks/CoreServices.framework/Versions/A/Frameworks/AE.framework/Versions/A/AE
0x00007ff815006000 	/System/Library/Frameworks/CoreServices.framework/Versions/A/Frameworks/LaunchServices.framework/Versions/A/LaunchServices
0x00007ff81ffba000 	/System/Library/Frameworks/CoreServices.framework/Versions/A/Frameworks/DictionaryServices.framework/Versions/A/DictionaryServices
0x00007ff81c208000 	/System/Library/Frameworks/CoreServices.framework/Versions/A/Frameworks/SharedFileList.framework/Versions/A/SharedFileList
0x00007ff81eece000 	/usr/lib/libCheckFix.dylib
0x00007ff819a6e000 	/System/Library/PrivateFrameworks/TCC.framework/Versions/A/TCC
0x00007ff81e191000 	/System/Library/PrivateFrameworks/CoreNLP.framework/Versions/A/CoreNLP
0x00007ff81b496000 	/System/Library/PrivateFrameworks/MetadataUtilities.framework/Versions/A/MetadataUtilities
0x00007ff815742000 	/usr/lib/libmecabra.dylib
0x00007ff81ef02000 	/usr/lib/libmecab.dylib
0x00007ff81570d000 	/usr/lib/libCRFSuite.dylib
0x00007ff81ef5c000 	/usr/lib/libgermantok.dylib
0x00007ff81fae5000 	/usr/lib/libThaiTokenizer.dylib
0x00007ff81b589000 	/System/Library/Frameworks/Accelerate.framework/Versions/A/Frameworks/vImage.framework/Versions/A/vImage
0x00007ff825c25000 	/System/Library/Frameworks/Accelerate.framework/Versions/A/Frameworks/vecLib.framework/Versions/A/vecLib
0x00007ff8200d3000 	/System/Library/Frameworks/Accelerate.framework/Versions/A/Frameworks/vecLib.framework/Versions/A/libvMisc.dylib
0x00007ff81e950000 	/System/Library/Frameworks/Accelerate.framework/Versions/A/Frameworks/vecLib.framework/Versions/A/libvDSP.dylib
0x00007ff815381000 	/System/Library/Frameworks/Accelerate.framework/Versions/A/Frameworks/vecLib.framework/Versions/A/libBLAS.dylib
0x00007ff81fc1c000 	/System/Library/Frameworks/Accelerate.framework/Versions/A/Frameworks/vecLib.framework/Versions/A/libLAPACK.dylib
0x00007ff81ef5f000 	/System/Library/Frameworks/Accelerate.framework/Versions/A/Frameworks/vecLib.framework/Versions/A/libLinearAlgebra.dylib
0x00007ff81fb22000 	/System/Library/Frameworks/Accelerate.framework/Versions/A/Frameworks/vecLib.framework/Versions/A/libSparseBLAS.dylib
0x00007ff81fc16000 	/System/Library/Frameworks/Accelerate.framework/Versions/A/Frameworks/vecLib.framework/Versions/A/libQuadrature.dylib
0x00007ff81e27c000 	/System/Library/Frameworks/Accelerate.framework/Versions/A/Frameworks/vecLib.framework/Versions/A/libBNNS.dylib
0x00007ff81561b000 	/System/Library/Frameworks/Accelerate.framework/Versions/A/Frameworks/vecLib.framework/Versions/A/libSparse.dylib
0x00007ff81e275000 	/System/Library/PrivateFrameworks/LinguisticData.framework/Versions/A/LinguisticData
0x00007ff8155d1000 	/System/Library/PrivateFrameworks/Lexicon.framework/Versions/A/Lexicon
0x00007ff8200cc000 	/usr/lib/libChineseTokenizer.dylib
0x00007ff815d3c000 	/System/Library/PrivateFrameworks/LanguageModeling.framework/Versions/A/LanguageModeling
0x00007ff81fae7000 	/System/Library/PrivateFrameworks/AppleSauce.framework/Versions/A/AppleSauce
0x00007ff81eb13000 	/System/Library/PrivateFrameworks/CoreEmoji.framework/Versions/A/CoreEmoji
0x00007ff81f9e7000 	/usr/lib/libcmph.dylib
0x00007ff81c1df000 	/System/Library/Frameworks/OpenDirectory.framework/Versions/A/Frameworks/CFOpenDirectory.framework/Versions/A/CFOpenDirectory
0x00007ff81c1d3000 	/System/Library/Frameworks/OpenDirectory.framework/Versions/A/OpenDirectory
0x00007ff820025000 	/System/Library/PrivateFrameworks/APFS.framework/Versions/A/APFS
0x00007ff81ee29000 	/System/Library/Frameworks/SecurityFoundation.framework/Versions/A/SecurityFoundation
0x00007ff8200a0000 	/usr/lib/libutil.dylib
0x00007ff81742c000 	/System/Library/PrivateFrameworks/CoreServicesStore.framework/Versions/A/CoreServicesStore
0x00007ff8200a4000 	/usr/lib/libxslt.1.dylib
0x00007ff81eeb6000 	/System/Library/PrivateFrameworks/BackgroundTaskManagement.framework/Versions/A/BackgroundTaskManagement
0x00007ff82150f000 	/System/Library/Frameworks/ImageIO.framework/Versions/A/Resources/libRadiance.dylib
0x00007ff821518000 	/System/Library/Frameworks/ImageIO.framework/Versions/A/Resources/libJPEG.dylib
0x00007ff821469000 	/System/Library/Frameworks/ImageIO.framework/Versions/A/Resources/libPng.dylib
0x00007ff82148a000 	/System/Library/Frameworks/ImageIO.framework/Versions/A/Resources/libTIFF.dylib
0x00007ff821578000 	/System/Library/Frameworks/ImageIO.framework/Versions/A/Resources/libGIF.dylib
0x00007ff820da4000 	/System/Library/Frameworks/ImageIO.framework/Versions/A/Resources/libJP2.dylib
0x00007ff8204e2000 	/usr/lib/libexpat.1.dylib
0x00007ff820d59000 	/System/Library/PrivateFrameworks/AppleJPEG.framework/Versions/A/AppleJPEG
0x00007ff81d6c5000 	/System/Library/PrivateFrameworks/FontServices.framework/libFontParser.dylib
0x00007ff81b1d9000 	/System/Library/PrivateFrameworks/RunningBoardServices.framework/Versions/A/RunningBoardServices
0x00007ff82bedf000 	/System/Library/PrivateFrameworks/IOSurfaceAccelerator.framework/Versions/A/IOSurfaceAccelerator
0x00007ff820e86000 	/System/Library/PrivateFrameworks/WatchdogClient.framework/Versions/A/WatchdogClient
0x00007ff815e2a000 	/System/Library/Frameworks/CoreDisplay.framework/Versions/A/CoreDisplay
0x00007ff81d5c3000 	/System/Library/Frameworks/CoreMedia.framework/Versions/A/CoreMedia
0x00007ff81d457000 	/System/Library/PrivateFrameworks/IOAccelerator.framework/Versions/A/IOAccelerator
0x00007ff81c35c000 	/System/Library/Frameworks/CoreVideo.framework/Versions/A/CoreVideo
0x00007ff81fb38000 	/System/Library/Frameworks/MetalPerformanceShaders.framework/Versions/A/MetalPerformanceShaders
0x00007ff820ec3000 	/System/Library/Frameworks/VideoToolbox.framework/Versions/A/VideoToolbox
0x00007ff81b123000 	/System/Library/PrivateFrameworks/BaseBoard.framework/Versions/A/BaseBoard
0x00007ff81aeaa000 	/System/Library/PrivateFrameworks/ProtocolBuffer.framework/Versions/A/ProtocolBuffer
0x00007ff821508000 	/System/Library/PrivateFrameworks/GPUWrangler.framework/Versions/A/GPUWrangler
0x00007ff8214ec000 	/System/Library/PrivateFrameworks/IOPresentment.framework/Versions/A/IOPresentment
0x00007ff821512000 	/System/Library/PrivateFrameworks/DSExternalDisplay.framework/Versions/A/DSExternalDisplay
0x00007ffa2d89c000 	/System/Library/Frameworks/OpenGL.framework/Versions/A/Libraries/libCoreFSCache.dylib
0x00007ffb1a973000 	/System/Library/PrivateFrameworks/GPUCompiler.framework/Versions/31001/Libraries/libGPUCompilerUtils.dylib
0x00007ff82157d000 	/System/Library/PrivateFrameworks/CMCaptureCore.framework/Versions/A/CMCaptureCore
0x00007ff820a8a000 	/System/Library/PrivateFrameworks/AppServerSupport.framework/Versions/A/AppServerSupport
0x00007ff822d4b000 	/System/Library/PrivateFrameworks/perfdata.framework/Versions/A/perfdata
0x00007ff815f56000 	/System/Library/PrivateFrameworks/AudioToolboxCore.framework/Versions/A/AudioToolboxCore
0x00007ff81d5a1000 	/System/Library/PrivateFrameworks/caulk.framework/Versions/A/caulk
0x00007ff82265d000 	/usr/lib/libAudioStatistics.dylib
0x00007ff91a354000 	/System/Library/PrivateFrameworks/SystemPolicy.framework/Versions/A/SystemPolicy
0x00007ff8228b8000 	/usr/lib/libSMC.dylib
0x00007ff82b7d7000 	/System/Library/Frameworks/CoreMIDI.framework/Versions/A/CoreMIDI
0x00007ff821438000 	/usr/lib/libAudioToolboxUtility.dylib
0x00007ff916580000 	/System/Library/PrivateFrameworks/OSAServicesClient.framework/Versions/A/OSAServicesClient
0x00007ff822d58000 	/usr/lib/libperfcheck.dylib
0x00007ff91ae01000 	/usr/lib/libmis.dylib
0x00007ffa2d8f7000 	/System/Library/Frameworks/OpenGL.framework/Versions/A/Libraries/libGLU.dylib
0x00007ffa2d8bb000 	/System/Library/Frameworks/OpenGL.framework/Versions/A/Libraries/libGFXShared.dylib
0x00007ffa2dac4000 	/System/Library/Frameworks/OpenGL.framework/Versions/A/Libraries/libGL.dylib
0x00007ffa2d8c4000 	/System/Library/Frameworks/OpenGL.framework/Versions/A/Libraries/libGLImage.dylib
0x00007ffa2d8b8000 	/System/Library/Frameworks/OpenGL.framework/Versions/A/Libraries/libCVMSPluginSupport.dylib
0x00007ffa2d8a3000 	/System/Library/Frameworks/OpenGL.framework/Versions/A/Libraries/libCoreVMClient.dylib
0x00007ff81e10d000 	/System/Library/Frameworks/MetalPerformanceShaders.framework/Versions/A/Frameworks/MPSCore.framework/Versions/A/MPSCore
0x00007ff81f4cf000 	/System/Library/Frameworks/MetalPerformanceShaders.framework/Versions/A/Frameworks/MPSImage.framework/Versions/A/MPSImage
0x00007ff81ef75000 	/System/Library/Frameworks/MetalPerformanceShaders.framework/Versions/A/Frameworks/MPSNeuralNetwork.framework/Versions/A/MPSNeuralNetwork
0x00007ff81f3e9000 	/System/Library/Frameworks/MetalPerformanceShaders.framework/Versions/A/Frameworks/MPSMatrix.framework/Versions/A/MPSMatrix
0x00007ff81f1a4000 	/System/Library/Frameworks/MetalPerformanceShaders.framework/Versions/A/Frameworks/MPSRayIntersector.framework/Versions/A/MPSRayIntersector
0x00007ff81f421000 	/System/Library/Frameworks/MetalPerformanceShaders.framework/Versions/A/Frameworks/MPSNDArray.framework/Versions/A/MPSNDArray
0x00007ffa3337c000 	/System/Library/Frameworks/MetalPerformanceShaders.framework/Versions/A/Frameworks/MPSFunctions.framework/Versions/A/MPSFunctions
0x00007ff81525d000 	/System/Library/PrivateFrameworks/MetalTools.framework/Versions/A/MetalTools
0x00007ff81e189000 	/System/Library/PrivateFrameworks/AggregateDictionary.framework/Versions/A/AggregateDictionary
0x00007ff8202c4000 	/usr/lib/libIOReport.dylib
0x00007ffa2eed3000 	/System/Library/Frameworks/OpenCL.framework/Versions/A/OpenCL
0x00007ff820628000 	/System/Library/PrivateFrameworks/FaceCore.framework/Versions/A/FaceCore
0x00007ff820619000 	/System/Library/PrivateFrameworks/GraphVisualizer.framework/Versions/A/GraphVisualizer
0x00007ffb1a87e000 	/System/Library/PrivateFrameworks/FontServices.framework/Versions/A/FontServices
0x00007ff820a42000 	/System/Library/PrivateFrameworks/OTSVG.framework/Versions/A/OTSVG
0x00007ff81bf43000 	/System/Library/Frameworks/ApplicationServices.framework/Versions/A/Frameworks/ATS.framework/Versions/A/Resources/libFontRegistry.dylib
0x00007ff820a92000 	/System/Library/PrivateFrameworks/FontServices.framework/libhvf.dylib
0x00007ffb1a87f000 	/System/Library/PrivateFrameworks/FontServices.framework/libXTFontStaticRegistryData.dylib
0x00007ff820492000 	/System/Library/PrivateFrameworks/AppleVA.framework/Versions/A/AppleVA
0x00007ff82267d000 	/System/Library/Frameworks/ApplicationServices.framework/Versions/A/Frameworks/ATS.framework/Versions/A/ATS
0x00007ff81a5f0000 	/System/Library/Frameworks/ApplicationServices.framework/Versions/A/Frameworks/HIServices.framework/Versions/A/HIServices
0x00007ff821587000 	/System/Library/Frameworks/ApplicationServices.framework/Versions/A/Frameworks/PrintCore.framework/Versions/A/PrintCore
0x00007ff822a0b000 	/System/Library/Frameworks/ApplicationServices.framework/Versions/A/Frameworks/QD.framework/Versions/A/QD
0x00007ff822a03000 	/System/Library/Frameworks/ApplicationServices.framework/Versions/A/Frameworks/ColorSyncLegacy.framework/Versions/A/ColorSyncLegacy
0x00007ff82266d000 	/System/Library/Frameworks/ApplicationServices.framework/Versions/A/Frameworks/SpeechSynthesis.framework/Versions/A/SpeechSynthesis
0x00007ff821548000 	/System/Library/Frameworks/ApplicationServices.framework/Versions/A/Frameworks/ATSUI.framework/Versions/A/ATSUI
0x00007ff822998000 	/usr/lib/libcups.2.dylib
0x00007ff822d67000 	/System/Library/Frameworks/Kerberos.framework/Versions/A/Kerberos
0x00007ff822d76000 	/System/Library/Frameworks/GSS.framework/Versions/A/GSS
0x00007ff8226e9000 	/usr/lib/libresolv.9.dylib
0x00007ff820aa1000 	/System/Library/PrivateFrameworks/Heimdal.framework/Versions/A/Heimdal
0x00007ff82995a000 	/System/Library/Frameworks/Kerberos.framework/Versions/A/Libraries/libHeimdalProxy.dylib
0x00007ff81b2ad000 	/System/Library/Frameworks/Network.framework/Versions/A/Network
0x00007ff8204fc000 	/usr/lib/libheimdal-asn1.dylib
0x00007ff822dc1000 	/System/Library/PrivateFrameworks/CommonAuth.framework/Versions/A/CommonAuth
0x00007ff8225ef000 	/System/Library/PrivateFrameworks/AudioSession.framework/Versions/A/AudioSession
0x00007ff82058c000 	/System/Library/PrivateFrameworks/MediaExperience.framework/Versions/A/MediaExperience
0x00007ff822481000 	/System/Library/PrivateFrameworks/AudioSession.framework/libSessionUtility.dylib
0x00007ff822a17000 	/System/Library/PrivateFrameworks/AudioResourceArbitration.framework/Versions/A/AudioResourceArbitration
0x00007ff826a98000 	/System/Library/PrivateFrameworks/PowerLog.framework/Versions/A/PowerLog
0x00007ff820505000 	/System/Library/PrivateFrameworks/IconFoundation.framework/Versions/A/IconFoundation
0x00007ff82584e000 	/System/Library/PrivateFrameworks/SpeechRecognitionCore.framework/Versions/A/SpeechRecognitionCore
0x000000010874f000 	/Users/tuanpn/Library/Java/JavaVirtualMachines/openjdk-18.0.2/Contents/Home/lib/server/libjvm.dylib
0x0000000107716000 	/Users/tuanpn/Library/Java/JavaVirtualMachines/openjdk-18.0.2/Contents/Home/lib/libjimage.dylib
0x0000000107794000 	/Users/tuanpn/Library/Java/JavaVirtualMachines/openjdk-18.0.2/Contents/Home/lib/libjava.dylib
0x000000010823a000 	/Users/tuanpn/Library/Java/JavaVirtualMachines/openjdk-18.0.2/Contents/Home/lib/libnio.dylib
0x0000000108256000 	/Users/tuanpn/Library/Java/JavaVirtualMachines/openjdk-18.0.2/Contents/Home/lib/libnet.dylib
0x0000000108272000 	/Users/tuanpn/Library/Java/JavaVirtualMachines/openjdk-18.0.2/Contents/Home/lib/libzip.dylib
0x0000000108286000 	/Users/tuanpn/Library/Java/JavaVirtualMachines/openjdk-18.0.2/Contents/Home/lib/libverify.dylib
0x000000010833d000 	/Users/tuanpn/Library/Java/JavaVirtualMachines/openjdk-18.0.2/Contents/Home/lib/libawt.dylib
0x00000001083fd000 	/Users/tuanpn/Library/Java/JavaVirtualMachines/openjdk-18.0.2/Contents/Home/lib/libmlib_image.dylib
0x00007ffa332e5000 	/System/Library/Frameworks/JavaRuntimeSupport.framework/Versions/A/JavaRuntimeSupport
0x00007ff919e78000 	/System/Library/Frameworks/Carbon.framework/Versions/A/Carbon
0x00007ff827d12000 	/System/Library/PrivateFrameworks/CoreSymbolication.framework/Versions/A/CoreSymbolication
0x00007ff82d276000 	/System/Library/Frameworks/Carbon.framework/Versions/A/Frameworks/CommonPanels.framework/Versions/A/CommonPanels
0x00007ff829346000 	/System/Library/Frameworks/Carbon.framework/Versions/A/Frameworks/Help.framework/Versions/A/Help
0x00007ff82d27a000 	/System/Library/Frameworks/Carbon.framework/Versions/A/Frameworks/ImageCapture.framework/Versions/A/ImageCapture
0x00007ff82d24a000 	/System/Library/Frameworks/Carbon.framework/Versions/A/Frameworks/OpenScripting.framework/Versions/A/OpenScripting
0x00007ff82d272000 	/System/Library/Frameworks/Carbon.framework/Versions/A/Frameworks/Ink.framework/Versions/A/Ink
0x00007ff919e74000 	/System/Library/Frameworks/Carbon.framework/Versions/A/Frameworks/Print.framework/Versions/A/Print
0x00007ff82d26e000 	/System/Library/Frameworks/Carbon.framework/Versions/A/Frameworks/SecurityHI.framework/Versions/A/SecurityHI
0x00007ff827cd7000 	/System/Library/PrivateFrameworks/DebugSymbols.framework/Versions/A/DebugSymbols
0x00000001085c9000 	/Users/tuanpn/Library/Java/JavaVirtualMachines/openjdk-18.0.2/Contents/Home/lib/libawt_lwawt.dylib
0x00000001082c7000 	/Users/tuanpn/Library/Java/JavaVirtualMachines/openjdk-18.0.2/Contents/Home/lib/libosxapp.dylib
0x00007ff919142000 	/System/Library/Frameworks/ExceptionHandling.framework/Versions/A/ExceptionHandling
0x000000010821f000 	/private/var/folders/_l/f_0mr_jx1rnbhz_2bjr4xr8c0000gp/T/jna-1983535792/jna6924104269098256560.tmp
0x00007ffa332ed000 	/System/Library/Frameworks/JavaVM.framework/Versions/A/JavaVM
0x00000001314fe000 	/private/var/folders/_l/f_0mr_jx1rnbhz_2bjr4xr8c0000gp/T/tess4j/darwin/libtesseract.dylib
0x000000011627e000 	/usr/local/Cellar/leptonica/1.82.0_1/lib/liblept.5.dylib
0x0000000116054000 	/usr/local/Cellar/libarchive/3.6.1/lib/libarchive.13.dylib
0x0000000108499000 	/usr/local/Cellar/libpng/1.6.37/lib/libpng16.16.dylib
0x00000001160fc000 	/usr/local/Cellar/jpeg-turbo/2.1.4/lib/libjpeg.8.2.2.dylib
0x000000010829e000 	/usr/local/Cellar/giflib/5.2.1/lib/libgif.7.2.0.dylib
0x0000000108542000 	/usr/local/Cellar/libtiff/4.4.0_1/lib/libtiff.5.dylib
0x00000001082ae000 	/usr/local/Cellar/webp/1.2.4/lib/libwebpmux.3.dylib
0x000000011619c000 	/usr/local/Cellar/webp/1.2.4/lib/libwebp.7.dylib
0x0000000116208000 	/usr/local/Cellar/openjpeg/2.5.0/lib/libopenjp2.2.5.0.dylib
0x00000001084c9000 	/usr/local/Cellar/xz/5.2.6/lib/liblzma.5.dylib
0x000000012b617000 	/usr/local/Cellar/zstd/1.5.2/lib/libzstd.1.5.2.dylib
0x00000001084ed000 	/usr/local/Cellar/lz4/1.9.4/lib/liblz4.1.9.4.dylib
0x0000000108319000 	/usr/local/Cellar/libb2/0.98.1/lib/libb2.1.dylib
0x00007ff82935a000 	/usr/lib/libcurl.4.dylib
0x00007ffb2d7cd000 	/usr/lib/libcrypto.46.dylib
0x00007ffb2dcc2000 	/usr/lib/libssl.48.dylib
0x00007ff82907e000 	/System/Library/Frameworks/LDAP.framework/Versions/A/LDAP
0x00007ff8290b6000 	/System/Library/PrivateFrameworks/TrustEvaluationAgent.framework/Versions/A/TrustEvaluationAgent
0x00007ff822702000 	/usr/lib/libsasl2.2.dylib
0x00007ff825f5e000 	/System/Library/PrivateFrameworks/CoreDaemon.framework/Versions/B/CoreDaemon
0x00007ff825f59000 	/System/Library/PrivateFrameworks/AppleSRP.framework/Versions/A/AppleSRP
0x00007ff81eec0000 	/System/Library/Frameworks/ServiceManagement.framework/Versions/A/ServiceManagement


VM Arguments:
jvm_args: -Dfile.encoding=UTF-8 -XX:+ShowCodeDetailsInExceptionMessages 
java_command: app.detect.screenshot.App
java_class_path (initial): /Users/tuanpn/Documents/remote-jobs/tools/screenshot/target/classes:/Users/tuanpn/.m2/repository/net/sourceforge/tess4j/tess4j/3.2.1/tess4j-3.2.1.jar:/Users/tuanpn/.m2/repository/net/java/dev/jna/jna/4.1.0/jna-4.1.0.jar:/Users/tuanpn/.m2/repository/com/github/jai-imageio/jai-imageio-core/1.3.1/jai-imageio-core-1.3.1.jar:/Users/tuanpn/.m2/repository/org/ghost4j/ghost4j/1.0.1/ghost4j-1.0.1.jar:/Users/tuanpn/.m2/repository/log4j/log4j/1.2.17/log4j-1.2.17.jar:/Users/tuanpn/.m2/repository/commons-beanutils/commons-beanutils/1.9.2/commons-beanutils-1.9.2.jar:/Users/tuanpn/.m2/repository/commons-logging/commons-logging/1.1.1/commons-logging-1.1.1.jar:/Users/tuanpn/.m2/repository/commons-collections/commons-collections/3.2.1/commons-collections-3.2.1.jar:/Users/tuanpn/.m2/repository/org/apache/xmlgraphics/xmlgraphics-commons/1.4/xmlgraphics-commons-1.4.jar:/Users/tuanpn/.m2/repository/com/lowagie/itext/2.1.7/itext-2.1.7.jar:/Users/tuanpn/.m2/repository/net/sourceforge/lept4j/lept4j/1.2.3/lept4j-1.2.3.jar:/Users/tuanpn/.m2/repository/org/rococoa/rococoa-core/0.5/rococoa-core-0.5.jar:/Users/tuanpn/.m2/repository/cglib/cglib/2.2.2/cglib-2.2.2.jar:/Users/tuanpn/.m2/repository/asm/asm/3.3.1/asm-3.3.1.jar:/Users/tuanpn/.m2/repository/ch/qos/logback/logback-classic/1.1.7/logback-classic-1.1.7.jar:/Users/tuanpn/.m2/repository/ch/qos/logback/logback-core/1.1.7/logback-core-1.1.7.jar:/Users/tuanpn/.m2/repository/org/slf4j/slf4j-api/1.7.20/slf4j-api-1.7.20.jar:/Users/tuanpn/.m2/repository/org/slf4j/jul-to-slf4j/1.7.21/jul-to-slf4j-1.7.21.jar:/Users/tuanpn/.m2/repository/org/slf4j/jcl-over-slf4j/1.7.21/jcl-over-slf4j-1.7.21.jar:/Users/tuanpn/.m2/repository/org/slf4j/log4j-over-slf4j/1.7.21/log4j-over-slf4j-1.7.21.jar:/Users/tuanpn/.m2/repository/org/seleniumhq/selenium/selenium-java/4.3.0/selenium-java-4.3.0.jar:/Users/tuanpn/.m2/repository/org/seleniumhq/selenium/selenium-api/4.3.0/selenium-api-4.3.0.jar:/Users/tuanpn/.m2/repository/org/seleniumhq/selenium/selenium-chrome-driver/4.3.0/selenium-chrome-driver-4.3.0.jar:/Users/tuanpn/.m2/repository/com/google/auto/service/auto-service-annotations/1.0.1/auto-service-annotations-1.0.1.jar:/Users/tuanpn/.m2/repository/com/google/auto/service/auto-service/1.0.1/auto-service-1.0.1.jar:/Users/tuanpn/.m2/repository/com/google/auto/auto-common/1.2/auto-common-1.2.jar:/Users/tuanpn/.m2/repository/com/google/guava/guava/31.1-jre/guava-31.1-jre.jar:/Users/tuanpn/.m2/repository/com/google/guava/failureaccess/1.0.1/failureaccess-1.0.1.jar:/Users/tuanpn/.m2/repository/com/google/guava/listenablefuture/9999.0-empty-to-avoid-conflict-with-guava/listenablefuture-9999.0-empty-to-avoid-conflict-with-guava.jar:/Users/tuanpn/.m2/repository/com/google/code/findbugs/jsr305/3.0.2/jsr305-3.0.2.jar:/Users/tuanpn/.m2/repository/org/checkerframework/checker-qual/3.12.0/checker-qual-3.12.0.jar:/Users/tuanpn/.m2/repository/com/google/errorprone/error_prone_annotations/2.11.0/error_prone_annotations-2.11.0.jar:/Users/tuanpn/.m2/repository/com/google/j2objc/j2objc-annotations/1.3/j2objc-annotations-1.3.jar:/Users/tuanpn/.m2/repository/org/seleniumhq/selenium/selenium-chromium-driver/4.3.0/selenium-chromium-driver-4.3.0.jar:/Users/tuanpn/.m2/repository/org/seleniumhq/selenium/selenium-json/4.3.0/selenium-json-4.3.0.jar:/Users/tuanpn/.m2/repository/org/seleniumhq/selenium/selenium-devtools-v101/4.3.0/selenium-devtools-v101-4.3.0.jar:/Users/tuanpn/.m2/repository/org/seleniumhq/selenium/selenium-devtools-v102/4.3.0/selenium-devtools-v102-4.3.0.jar:/Users/tuanpn/.m2/repository/org/seleniumhq/selenium/selenium-devtools-v103/4.3.0/selenium-devtools-v103-4.3.0.jar:/Users/tuanpn/.m2/repository/org/seleniumhq/selenium/selenium-devtools-v85/4.3.0/selenium-devtools-v85-4.3.0.jar:/Users/tuanpn/.m2/repository/org/seleniumhq/selenium/selenium-edge-driver/4.3.0/selenium-edge-driver-4.3.0.jar:/Users/tuanpn/.m2/repository/org/seleniumhq/selenium/selenium-firefox-driver/4.3.0/selenium-firefox-driver-4.3.0.jar:/Users/tuanpn/.m2/repository/org/seleniumhq/selenium/selenium-ie-driver/4.3.0/selenium-ie-driver-4.3.0.jar:/Users/tuanpn/.m2/repository/org/seleniumhq/selenium/selenium-opera-driver/4.3.0/selenium-opera-driver-4.3.0.jar:/Users/tuanpn/.m2/repository/org/seleniumhq/selenium/selenium-remote-driver/4.3.0/selenium-remote-driver-4.3.0.jar:/Users/tuanpn/.m2/repository/com/beust/jcommander/1.82/jcommander-1.82.jar:/Users/tuanpn/.m2/repository/io/netty/netty-buffer/4.1.78.Final/netty-buffer-4.1.78.Final.jar:/Users/tuanpn/.m2/repository/io/netty/netty-codec-http/4.1.78.Final/netty-codec-http-4.1.78.Final.jar:/Users/tuanpn/.m2/repository/io/netty/netty-codec/4.1.78.Final/netty-codec-4.1.78.Final.jar:/Users/tuanpn/.m2/repository/io/netty/netty-handler/4.1.78.Final/netty-handler-4.1.78.Final.jar:/Users/tuanpn/.m2/repository/io/netty/netty-common/4.1.78.Final/netty-common-4.1.78.Final.jar:/Users/tuanpn/.m2/repository/io/netty/netty-transport-classes-epoll/4.1.78.Final/netty-transport-classes-epoll-4.1.78.Final.jar:/Users/tuanpn/.m2/repository/io/netty/netty-transport-classes-kqueue/4.1.78.Final/netty-transport-classes-kqueue-4.1.78.Final.jar:/Users/tuanpn/.m2/repository/io/netty/netty-transport-native-epoll/4.1.78.Final/netty-transport-native-epoll-4.1.78.Final.jar:/Users/tuanpn/.m2/repository/io/netty/netty-transport-native-kqueue/4.1.78.Final/netty-transport-native-kqueue-4.1.78.Final.jar:/Users/tuanpn/.m2/repository/io/netty/netty-transport-native-unix-common/4.1.78.Final/netty-transport-native-unix-common-4.1.78.Final.jar:/Users/tuanpn/.m2/repository/io/netty/netty-transport/4.1.78.Final/netty-transport-4.1.78.Final.jar:/Users/tuanpn/.m2/repository/io/netty/netty-resolver/4.1.78.Final/netty-resolver-4.1.78.Final.jar:/Users/tuanpn/.m2/repository/io/opentelemetry/opentelemetry-api/1.15.0/opentelemetry-api-1.15.0.jar:/Users/tuanpn/.m2/repository/io/opentelemetry/opentelemetry-context/1.15.0/opentelemetry-context-1.15.0.jar:/Users/tuanpn/.m2/repository/io/opentelemetry/opentelemetry-exporter-logging/1.15.0/opentelemetry-exporter-logging-1.15.0.jar:/Users/tuanpn/.m2/repository/io/opentelemetry/opentelemetry-sdk-metrics/1.15.0/opentelemetry-sdk-metrics-1.15.0.jar:/Users/tuanpn/.m2/repository/io/opentelemetry/opentelemetry-sdk-logs/1.15.0-alpha/opentelemetry-sdk-logs-1.15.0-alpha.jar:/Users/tuanpn/.m2/repository/io/opentelemetry/opentelemetry-sdk-common/1.15.0/opentelemetry-sdk-common-1.15.0.jar:/Users/tuanpn/.m2/repository/io/opentelemetry/opentelemetry-sdk-extension-autoconfigure-spi/1.15.0/opentelemetry-sdk-extension-autoconfigure-spi-1.15.0.jar:/Users/tuanpn/.m2/repository/io/opentelemetry/opentelemetry-sdk-extension-autoconfigure/1.15.0-alpha/opentelemetry-sdk-extension-autoconfigure-1.15.0-alpha.jar:/Users/tuanpn/.m2/repository/io/opentelemetry/opentelemetry-sdk-trace/1.15.0/opentelemetry-sdk-trace-1.15.0.jar:/Users/tuanpn/.m2/repository/io/opentelemetry/opentelemetry-sdk/1.15.0/opentelemetry-sdk-1.15.0.jar:/Users/tuanpn/.m2/repository/io/opentelemetry/opentelemetry-semconv/1.15.0-alpha/opentelemetry-semconv-1.15.0-alpha.jar:/Users/tuanpn/.m2/repository/io/ous/jtoml/2.0.0/jtoml-2.0.0.jar:/Users/tuanpn/.m2/repository/net/bytebuddy/byte-buddy/1.12.10/byte-buddy-1.12.10.jar:/Users/tuanpn/.m2/repository/org/apache/commons/commons-exec/1.3/commons-exec-1.3.jar:/Users/tuanpn/.m2/repository/org/asynchttpclient/async-http-client/2.12.3/async-http-client-2.12.3.jar:/Users/tuanpn/.m2/repository/org/asynchttpclient/async-http-client-netty-utils/2.12.3/async-http-client-netty-utils-2.12.3.jar:/Users/tuanpn/.m2/repository/io/netty/netty-codec-socks/4.1.60.Final/netty-codec-socks-4.1.60.Final.jar:/Users/tuanpn/.m2/repository/io/netty/netty-handler-proxy/4.1.60.Final/netty-handler-proxy-4.1.60.Final.jar:/Users/tuanpn/.m2/repository/io/netty/netty-transport-native-epoll/4.1.60.Final/netty-transport-native-epoll-4.1.60.Final-linux-x86_64.jar:/Users/tuanpn/.m2/repository/io/netty/netty-transport-native-kqueue/4.1.60.Final/netty-transport-native-kqueue-4.1.60.Final-osx-x86_64.jar:/Users/tuanpn/.m2/repository/org/reactivestreams/reactive-streams/1.0.3/reactive-streams-1.0.3.jar:/Users/tuanpn/.m2/repository/com/typesafe/netty/netty-reactive-streams/2.0.4/netty-reactive-streams-2.0.4.jar:/Users/tuanpn/.m2/repository/com/sun/activation/jakarta.activation/1.2.2/jakarta.activation-1.2.2.jar:/Users/tuanpn/.m2/repository/org/seleniumhq/selenium/selenium-http/4.3.0/selenium-http-4.3.0.jar:/Users/tuanpn/.m2/repository/dev/failsafe/failsafe/3.2.4/failsafe-3.2.4.jar:/Users/tuanpn/.m2/repository/org/seleniumhq/selenium/selenium-safari-driver/4.3.0/selenium-safari-driver-4.3.0.jar:/Users/tuanpn/.m2/repository/org/seleniumhq/selenium/selenium-support/4.3.0/selenium-support-4.3.0.jar:/Users/tuanpn/.m2/repository/commons-io/commons-io/2.11.0/commons-io-2.11.0.jar
Launcher Type: SUN_STANDARD

[Global flags]
     intx CICompilerCount                          = 4                                         {product} {ergonomic}
     uint ConcGCThreads                            = 2                                         {product} {ergonomic}
     uint G1ConcRefinementThreads                  = 8                                         {product} {ergonomic}
   size_t G1HeapRegionSize                         = 2097152                                   {product} {ergonomic}
    uintx GCDrainStackTargetSize                   = 64                                        {product} {ergonomic}
   size_t InitialHeapSize                          = 268435456                                 {product} {ergonomic}
   size_t MarkStackSize                            = 4194304                                   {product} {ergonomic}
   size_t MaxHeapSize                              = 4294967296                                {product} {ergonomic}
   size_t MaxNewSize                               = 2575302656                                {product} {ergonomic}
   size_t MinHeapDeltaBytes                        = 2097152                                   {product} {ergonomic}
   size_t MinHeapSize                              = 8388608                                   {product} {ergonomic}
    uintx NonNMethodCodeHeapSize                   = 5839372                                {pd product} {ergonomic}
    uintx NonProfiledCodeHeapSize                  = 122909434                              {pd product} {ergonomic}
    uintx ProfiledCodeHeapSize                     = 122909434                              {pd product} {ergonomic}
    uintx ReservedCodeCacheSize                    = 251658240                              {pd product} {ergonomic}
     bool SegmentedCodeCache                       = true                                      {product} {ergonomic}
     bool ShowCodeDetailsInExceptionMessages       = true                                   {manageable} {command line}
   size_t SoftMaxHeapSize                          = 4294967296                             {manageable} {ergonomic}
     bool UseCompressedClassPointers               = true                           {product lp64_product} {ergonomic}
     bool UseCompressedOops                        = true                           {product lp64_product} {ergonomic}
     bool UseG1GC                                  = true                                      {product} {ergonomic}
     bool UseNUMA                                  = false                                     {product} {ergonomic}
     bool UseNUMAInterleaving                      = false                                     {product} {ergonomic}

Logging:
Log output configuration:
 #0: stdout all=warning uptime,level,tags foldmultilines=false
 #1: stderr all=off uptime,level,tags foldmultilines=false

Environment Variables:
PATH=/usr/bin:/bin:/usr/sbin:/sbin
SHELL=/bin/zsh

Signal Handlers:
   SIGSEGV: crash_handler in libjvm.dylib, mask=11100110000111110111111111111111, flags=SA_RESTART|SA_SIGINFO
    SIGBUS: crash_handler in libjvm.dylib, mask=11100110000111110111111111111111, flags=SA_RESTART|SA_SIGINFO
    SIGFPE: crash_handler in libjvm.dylib, mask=11100110000111110111111111111111, flags=SA_RESTART|SA_SIGINFO
   SIGPIPE: javaSignalHandler in libjvm.dylib, mask=11100110000111110111111111111111, flags=SA_RESTART|SA_SIGINFO
   SIGXFSZ: javaSignalHandler in libjvm.dylib, mask=11100110000111110111111111111111, flags=SA_RESTART|SA_SIGINFO
    SIGILL: crash_handler in libjvm.dylib, mask=11100110000111110111111111111111, flags=SA_RESTART|SA_SIGINFO
   SIGUSR2: SR_handler in libjvm.dylib, mask=00100000000000000000000000000000, flags=SA_RESTART|SA_SIGINFO
    SIGHUP: UserHandler in libjvm.dylib, mask=11100110000111110111111111111111, flags=SA_RESTART|SA_SIGINFO
    SIGINT: UserHandler in libjvm.dylib, mask=11100110000111110111111111111111, flags=SA_RESTART|SA_SIGINFO
   SIGTERM: UserHandler in libjvm.dylib, mask=11100110000111110111111111111111, flags=SA_RESTART|SA_SIGINFO
   SIGQUIT: UserHandler in libjvm.dylib, mask=11100110000111110111111111111111, flags=SA_RESTART|SA_SIGINFO
   SIGTRAP: crash_handler in libjvm.dylib, mask=11100110000111110111111111111111, flags=SA_RESTART|SA_SIGINFO


---------------  S Y S T E M  ---------------

OS:
uname: Darwin 21.6.0 Darwin Kernel Version 21.6.0: Sat Jun 18 17:07:25 PDT 2022; root:xnu-8020.140.41~1/RELEASE_X86_64 x86_64
OS uptime: 1 days 1:31 hours
rlimit (soft/hard): STACK 8192k/65532k , CORE 0k/infinity , NPROC 2784/4176 , NOFILE 10240/infinity , AS infinity/infinity , CPU infinity/infinity , DATA infinity/infinity , FSIZE infinity/infinity , MEMLOCK infinity/infinity , RSS infinity/infinity
load average: 3.32 3.01 2.98

CPU: total 8 (initial active 8) (4 cores per cpu, 2 threads per core) family 6 model 142 stepping 10 microcode 0xf0, cx8, cmov, fxsr, ht, mmx, 3dnowpref, sse, sse2, sse3, ssse3, sse4.1, sse4.2, popcnt, lzcnt, tsc, tscinvbit, avx, avx2, aes, erms, clmul, bmi1, bmi2, adx, fma, vzeroupper, clflush, clflushopt

Memory: 4k page, physical 16777216k(470728k free), swap 2097152k(1365760k free)

vm_info: OpenJDK 64-Bit Server VM (18.0.2+9-61) for bsd-amd64 JRE (18.0.2+9-61), built on Jun  7 2022 12:07:12 by "mach5one" with clang Apple LLVM 12.0.0 (clang-1200.0.32.29)

END.
